#2.0#2023 12 13 10:16:59.332#Z#DEBUG#com.sap.cloud.lm.sl.xs2.4dafd4bd-99a0-11ee-bb9f-eeee0a9f9d65.simmflocext-uideployer.stageAppTask#
######org.cloudfoundry.multiapps.controller.persistence.services.ProcessLogger########flowable-async-job-executor-thread-7812###
[PollStageAppStatusExecution] [simmflocext-uideployer] 0edd0c3c-2cc8-4974-8cbe-9118b008f7c4 [2023-12-13T10:16:29.373782] Added process: "web" (STDOUT, API)#

#2.0#2023 12 13 10:16:59.332#Z#DEBUG#com.sap.cloud.lm.sl.xs2.4dafd4bd-99a0-11ee-bb9f-eeee0a9f9d65.simmflocext-uideployer.stageAppTask#
######org.cloudfoundry.multiapps.controller.persistence.services.ProcessLogger########flowable-async-job-executor-thread-7812###
[PollStageAppStatusExecution] [simmflocext-uideployer] 0edd0c3c-2cc8-4974-8cbe-9118b008f7c4 [2023-12-13T10:16:29.380106] Created app with guid 0edd0c3c-2cc8-4974-8cbe-9118b008f7c4 (STDOUT, API)#

#2.0#2023 12 13 10:16:59.332#Z#DEBUG#com.sap.cloud.lm.sl.xs2.4dafd4bd-99a0-11ee-bb9f-eeee0a9f9d65.simmflocext-uideployer.stageAppTask#
######org.cloudfoundry.multiapps.controller.persistence.services.ProcessLogger########flowable-async-job-executor-thread-7812###
[PollStageAppStatusExecution] [simmflocext-uideployer] 0edd0c3c-2cc8-4974-8cbe-9118b008f7c4 [2023-12-13T10:16:29.463461] Updating process: "web" (STDOUT, API)#

#2.0#2023 12 13 10:16:59.332#Z#DEBUG#com.sap.cloud.lm.sl.xs2.4dafd4bd-99a0-11ee-bb9f-eeee0a9f9d65.simmflocext-uideployer.stageAppTask#
######org.cloudfoundry.multiapps.controller.persistence.services.ProcessLogger########flowable-async-job-executor-thread-7812###
[PollStageAppStatusExecution] [simmflocext-uideployer] 0edd0c3c-2cc8-4974-8cbe-9118b008f7c4 [2023-12-13T10:16:29.517126] Scaling process: "web" (STDOUT, API)#

#2.0#2023 12 13 10:16:59.332#Z#DEBUG#com.sap.cloud.lm.sl.xs2.4dafd4bd-99a0-11ee-bb9f-eeee0a9f9d65.simmflocext-uideployer.stageAppTask#
######org.cloudfoundry.multiapps.controller.persistence.services.ProcessLogger########flowable-async-job-executor-thread-7812###
[PollStageAppStatusExecution] [simmflocext-uideployer] 0edd0c3c-2cc8-4974-8cbe-9118b008f7c4 [2023-12-13T10:16:40.669548] Uploading app package for app with guid 0edd0c3c-2cc8-4974-8cbe-9118b008f7c4 (STDOUT, API)#

#2.0#2023 12 13 10:16:59.332#Z#DEBUG#com.sap.cloud.lm.sl.xs2.4dafd4bd-99a0-11ee-bb9f-eeee0a9f9d65.simmflocext-uideployer.stageAppTask#
######org.cloudfoundry.multiapps.controller.persistence.services.ProcessLogger########flowable-async-job-executor-thread-7812###
[PollStageAppStatusExecution] [simmflocext-uideployer] 0edd0c3c-2cc8-4974-8cbe-9118b008f7c4 [2023-12-13T10:16:40.786908] Updated app with guid 0edd0c3c-2cc8-4974-8cbe-9118b008f7c4 ({"environment_variables"=>"[PRIVATE DATA HIDDEN]"}) (STDOUT, API)#

#2.0#2023 12 13 10:16:59.332#Z#DEBUG#com.sap.cloud.lm.sl.xs2.4dafd4bd-99a0-11ee-bb9f-eeee0a9f9d65.simmflocext-uideployer.stageAppTask#
######org.cloudfoundry.multiapps.controller.persistence.services.ProcessLogger########flowable-async-job-executor-thread-7812###
[PollStageAppStatusExecution] [simmflocext-uideployer] 0edd0c3c-2cc8-4974-8cbe-9118b008f7c4 [2023-12-13T10:16:49.311872] Creating build for app with guid 0edd0c3c-2cc8-4974-8cbe-9118b008f7c4 (STDOUT, API)#

#2.0#2023 12 13 10:16:59.332#Z#DEBUG#com.sap.cloud.lm.sl.xs2.4dafd4bd-99a0-11ee-bb9f-eeee0a9f9d65.simmflocext-uideployer.stageAppTask#
######org.cloudfoundry.multiapps.controller.persistence.services.ProcessLogger########flowable-async-job-executor-thread-7812###
[PollStageAppStatusExecution] [simmflocext-uideployer] 0edd0c3c-2cc8-4974-8cbe-9118b008f7c4 [2023-12-13T10:16:49.646428] Downloading nodejs_buildpack... (STDOUT, STG)#

#2.0#2023 12 13 10:16:59.332#Z#DEBUG#com.sap.cloud.lm.sl.xs2.4dafd4bd-99a0-11ee-bb9f-eeee0a9f9d65.simmflocext-uideployer.stageAppTask#
######org.cloudfoundry.multiapps.controller.persistence.services.ProcessLogger########flowable-async-job-executor-thread-7812###
[PollStageAppStatusExecution] [simmflocext-uideployer] 0edd0c3c-2cc8-4974-8cbe-9118b008f7c4 [2023-12-13T10:16:49.684360] Downloaded nodejs_buildpack (STDOUT, STG)#

#2.0#2023 12 13 10:16:59.332#Z#DEBUG#com.sap.cloud.lm.sl.xs2.4dafd4bd-99a0-11ee-bb9f-eeee0a9f9d65.simmflocext-uideployer.stageAppTask#
######org.cloudfoundry.multiapps.controller.persistence.services.ProcessLogger########flowable-async-job-executor-thread-7812###
[PollStageAppStatusExecution] [simmflocext-uideployer] 0edd0c3c-2cc8-4974-8cbe-9118b008f7c4 [2023-12-13T10:16:49.684421] Cell cd431d46-a328-430d-ac78-98292f930c90 creating container for instance 93ce7227-36db-4e9a-b11d-3a1ab8ec5522 (STDOUT, STG)#

#2.0#2023 12 13 10:16:59.333#Z#DEBUG#com.sap.cloud.lm.sl.xs2.4dafd4bd-99a0-11ee-bb9f-eeee0a9f9d65.simmflocext-uideployer.stageAppTask#
######org.cloudfoundry.multiapps.controller.persistence.services.ProcessLogger########flowable-async-job-executor-thread-7812###
[PollStageAppStatusExecution] [simmflocext-uideployer] 0edd0c3c-2cc8-4974-8cbe-9118b008f7c4 [2023-12-13T10:16:50.133568] Security group rules were updated (STDOUT, STG)#

#2.0#2023 12 13 10:16:59.333#Z#DEBUG#com.sap.cloud.lm.sl.xs2.4dafd4bd-99a0-11ee-bb9f-eeee0a9f9d65.simmflocext-uideployer.stageAppTask#
######org.cloudfoundry.multiapps.controller.persistence.services.ProcessLogger########flowable-async-job-executor-thread-7812###
[PollStageAppStatusExecution] [simmflocext-uideployer] 0edd0c3c-2cc8-4974-8cbe-9118b008f7c4 [2023-12-13T10:16:50.154955] Cell cd431d46-a328-430d-ac78-98292f930c90 successfully created container for instance 93ce7227-36db-4e9a-b11d-3a1ab8ec5522 (STDOUT, STG)#

#2.0#2023 12 13 10:16:59.333#Z#DEBUG#com.sap.cloud.lm.sl.xs2.4dafd4bd-99a0-11ee-bb9f-eeee0a9f9d65.simmflocext-uideployer.stageAppTask#
######org.cloudfoundry.multiapps.controller.persistence.services.ProcessLogger########flowable-async-job-executor-thread-7812###
[PollStageAppStatusExecution] [simmflocext-uideployer] 0edd0c3c-2cc8-4974-8cbe-9118b008f7c4 [2023-12-13T10:16:50.332215] Downloading app package... (STDOUT, STG)#

#2.0#2023 12 13 10:16:59.333#Z#DEBUG#com.sap.cloud.lm.sl.xs2.4dafd4bd-99a0-11ee-bb9f-eeee0a9f9d65.simmflocext-uideployer.stageAppTask#
######org.cloudfoundry.multiapps.controller.persistence.services.ProcessLogger########flowable-async-job-executor-thread-7812###
[PollStageAppStatusExecution] [simmflocext-uideployer] 0edd0c3c-2cc8-4974-8cbe-9118b008f7c4 [2023-12-13T10:16:50.704297] Downloaded app package (3M) (STDOUT, STG)#

#2.0#2023 12 13 10:16:59.333#Z#DEBUG#com.sap.cloud.lm.sl.xs2.4dafd4bd-99a0-11ee-bb9f-eeee0a9f9d65.simmflocext-uideployer.stageAppTask#
######org.cloudfoundry.multiapps.controller.persistence.services.ProcessLogger########flowable-async-job-executor-thread-7812###
[PollStageAppStatusExecution] [simmflocext-uideployer] 0edd0c3c-2cc8-4974-8cbe-9118b008f7c4 [2023-12-13T10:16:50.826749] -----> Nodejs Buildpack version 1.8.19 (STDOUT, STG)#

#2.0#2023 12 13 10:16:59.333#Z#DEBUG#com.sap.cloud.lm.sl.xs2.4dafd4bd-99a0-11ee-bb9f-eeee0a9f9d65.simmflocext-uideployer.stageAppTask#
######org.cloudfoundry.multiapps.controller.persistence.services.ProcessLogger########flowable-async-job-executor-thread-7812###
[PollStageAppStatusExecution] [simmflocext-uideployer] 0edd0c3c-2cc8-4974-8cbe-9118b008f7c4 [2023-12-13T10:16:50.968260] -----> Bootstrapping python (STDOUT, STG)#

#2.0#2023 12 13 10:16:59.333#Z#DEBUG#com.sap.cloud.lm.sl.xs2.4dafd4bd-99a0-11ee-bb9f-eeee0a9f9d65.simmflocext-uideployer.stageAppTask#
######org.cloudfoundry.multiapps.controller.persistence.services.ProcessLogger########flowable-async-job-executor-thread-7812###
[PollStageAppStatusExecution] [simmflocext-uideployer] 0edd0c3c-2cc8-4974-8cbe-9118b008f7c4 [2023-12-13T10:16:50.968291] -----> Installing python 3.11.6 (STDOUT, STG)#

#2.0#2023 12 13 10:16:59.333#Z#DEBUG#com.sap.cloud.lm.sl.xs2.4dafd4bd-99a0-11ee-bb9f-eeee0a9f9d65.simmflocext-uideployer.stageAppTask#
######org.cloudfoundry.multiapps.controller.persistence.services.ProcessLogger########flowable-async-job-executor-thread-7812###
[PollStageAppStatusExecution] [simmflocext-uideployer] 0edd0c3c-2cc8-4974-8cbe-9118b008f7c4 [2023-12-13T10:16:50.968300] Copy [/tmp/buildpacks/4c90f85c1c908bd93f2921dc4768310d/dependencies/17ecec428c63fc9d4f8200b6005d8e61/python_3.11.6_linux_x64_cflinuxfs4_9aa19c6d.tgz] (STDOUT, STG)#

#2.0#2023 12 13 10:16:59.333#Z#DEBUG#com.sap.cloud.lm.sl.xs2.4dafd4bd-99a0-11ee-bb9f-eeee0a9f9d65.simmflocext-uideployer.stageAppTask#
######org.cloudfoundry.multiapps.controller.persistence.services.ProcessLogger########flowable-async-job-executor-thread-7812###
[PollStageAppStatusExecution] [simmflocext-uideployer] 0edd0c3c-2cc8-4974-8cbe-9118b008f7c4 [2023-12-13T10:16:54.012069] -----> Installing binaries (STDOUT, STG)#

#2.0#2023 12 13 10:16:59.333#Z#DEBUG#com.sap.cloud.lm.sl.xs2.4dafd4bd-99a0-11ee-bb9f-eeee0a9f9d65.simmflocext-uideployer.stageAppTask#
######org.cloudfoundry.multiapps.controller.persistence.services.ProcessLogger########flowable-async-job-executor-thread-7812###
[PollStageAppStatusExecution] [simmflocext-uideployer] 0edd0c3c-2cc8-4974-8cbe-9118b008f7c4 [2023-12-13T10:16:54.012130] engines.node (package.json): unspecified (STDOUT, STG)#

#2.0#2023 12 13 10:16:59.333#Z#DEBUG#com.sap.cloud.lm.sl.xs2.4dafd4bd-99a0-11ee-bb9f-eeee0a9f9d65.simmflocext-uideployer.stageAppTask#
######org.cloudfoundry.multiapps.controller.persistence.services.ProcessLogger########flowable-async-job-executor-thread-7812###
[PollStageAppStatusExecution] [simmflocext-uideployer] 0edd0c3c-2cc8-4974-8cbe-9118b008f7c4 [2023-12-13T10:16:54.012143] engines.npm (package.json): unspecified (use default) (STDOUT, STG)#

#2.0#2023 12 13 10:16:59.333#Z#DEBUG#com.sap.cloud.lm.sl.xs2.4dafd4bd-99a0-11ee-bb9f-eeee0a9f9d65.simmflocext-uideployer.stageAppTask#
######org.cloudfoundry.multiapps.controller.persistence.services.ProcessLogger########flowable-async-job-executor-thread-7812###
[PollStageAppStatusExecution] [simmflocext-uideployer] 0edd0c3c-2cc8-4974-8cbe-9118b008f7c4 [2023-12-13T10:16:54.012244] [31;1m**WARNING**[0m Node version not specified in package.json or .nvmrc. See: http://docs.cloudfoundry.org/buildpacks/node/node-tips.html (STDOUT, STG)#

#2.0#2023 12 13 10:16:59.333#Z#DEBUG#com.sap.cloud.lm.sl.xs2.4dafd4bd-99a0-11ee-bb9f-eeee0a9f9d65.simmflocext-uideployer.stageAppTask#
######org.cloudfoundry.multiapps.controller.persistence.services.ProcessLogger########flowable-async-job-executor-thread-7812###
[PollStageAppStatusExecution] [simmflocext-uideployer] 0edd0c3c-2cc8-4974-8cbe-9118b008f7c4 [2023-12-13T10:16:54.012257] -----> Installing node 18.18.2 (STDOUT, STG)#

#2.0#2023 12 13 10:16:59.333#Z#DEBUG#com.sap.cloud.lm.sl.xs2.4dafd4bd-99a0-11ee-bb9f-eeee0a9f9d65.simmflocext-uideployer.stageAppTask#
######org.cloudfoundry.multiapps.controller.persistence.services.ProcessLogger########flowable-async-job-executor-thread-7812###
[PollStageAppStatusExecution] [simmflocext-uideployer] 0edd0c3c-2cc8-4974-8cbe-9118b008f7c4 [2023-12-13T10:16:54.012361] Copy [/tmp/buildpacks/4c90f85c1c908bd93f2921dc4768310d/dependencies/cd6332b04d52b0d3e9d2e860de892ca6/node_18.18.2_linux_x64_cflinuxfs4_30564fcb.tgz] (STDOUT, STG)#

#2.0#2023 12 13 10:16:59.333#Z#DEBUG#com.sap.cloud.lm.sl.xs2.4dafd4bd-99a0-11ee-bb9f-eeee0a9f9d65.simmflocext-uideployer.stageAppTask#
######org.cloudfoundry.multiapps.controller.persistence.services.ProcessLogger########flowable-async-job-executor-thread-7812###
[PollStageAppStatusExecution] [simmflocext-uideployer] 0edd0c3c-2cc8-4974-8cbe-9118b008f7c4 [2023-12-13T10:16:55.857325] Using default npm version: 9.8.1 (STDOUT, STG)#

#2.0#2023 12 13 10:16:59.333#Z#DEBUG#com.sap.cloud.lm.sl.xs2.4dafd4bd-99a0-11ee-bb9f-eeee0a9f9d65.simmflocext-uideployer.stageAppTask#
######org.cloudfoundry.multiapps.controller.persistence.services.ProcessLogger########flowable-async-job-executor-thread-7812###
[PollStageAppStatusExecution] [simmflocext-uideployer] 0edd0c3c-2cc8-4974-8cbe-9118b008f7c4 [2023-12-13T10:16:55.857344] -----> Installing yarn 1.22.19 (STDOUT, STG)#

#2.0#2023 12 13 10:16:59.333#Z#DEBUG#com.sap.cloud.lm.sl.xs2.4dafd4bd-99a0-11ee-bb9f-eeee0a9f9d65.simmflocext-uideployer.stageAppTask#
######org.cloudfoundry.multiapps.controller.persistence.services.ProcessLogger########flowable-async-job-executor-thread-7812###
[PollStageAppStatusExecution] [simmflocext-uideployer] 0edd0c3c-2cc8-4974-8cbe-9118b008f7c4 [2023-12-13T10:16:55.857482] Copy [/tmp/buildpacks/4c90f85c1c908bd93f2921dc4768310d/dependencies/0f06052381cbcef1593bd279ca3d9458/yarn_1.22.19_linux_noarch_any-stack_32d0e82e.tgz] (STDOUT, STG)#

#2.0#2023 12 13 10:16:59.333#Z#DEBUG#com.sap.cloud.lm.sl.xs2.4dafd4bd-99a0-11ee-bb9f-eeee0a9f9d65.simmflocext-uideployer.stageAppTask#
######org.cloudfoundry.multiapps.controller.persistence.services.ProcessLogger########flowable-async-job-executor-thread-7812###
[PollStageAppStatusExecution] [simmflocext-uideployer] 0edd0c3c-2cc8-4974-8cbe-9118b008f7c4 [2023-12-13T10:16:56.131230] Installed yarn 1.22.19 (STDOUT, STG)#

#2.0#2023 12 13 10:16:59.333#Z#DEBUG#com.sap.cloud.lm.sl.xs2.4dafd4bd-99a0-11ee-bb9f-eeee0a9f9d65.simmflocext-uideployer.stageAppTask#
######org.cloudfoundry.multiapps.controller.persistence.services.ProcessLogger########flowable-async-job-executor-thread-7812###
[PollStageAppStatusExecution] [simmflocext-uideployer] 0edd0c3c-2cc8-4974-8cbe-9118b008f7c4 [2023-12-13T10:16:56.131264] -----> Creating runtime environment (STDOUT, STG)#

#2.0#2023 12 13 10:16:59.333#Z#DEBUG#com.sap.cloud.lm.sl.xs2.4dafd4bd-99a0-11ee-bb9f-eeee0a9f9d65.simmflocext-uideployer.stageAppTask#
######org.cloudfoundry.multiapps.controller.persistence.services.ProcessLogger########flowable-async-job-executor-thread-7812###
[PollStageAppStatusExecution] [simmflocext-uideployer] 0edd0c3c-2cc8-4974-8cbe-9118b008f7c4 [2023-12-13T10:16:56.132721] NODE_ENV=production (STDOUT, STG)#

#2.0#2023 12 13 10:16:59.333#Z#DEBUG#com.sap.cloud.lm.sl.xs2.4dafd4bd-99a0-11ee-bb9f-eeee0a9f9d65.simmflocext-uideployer.stageAppTask#
######org.cloudfoundry.multiapps.controller.persistence.services.ProcessLogger########flowable-async-job-executor-thread-7812###
[PollStageAppStatusExecution] [simmflocext-uideployer] 0edd0c3c-2cc8-4974-8cbe-9118b008f7c4 [2023-12-13T10:16:56.132732] NODE_HOME=/tmp/contents2702591319/deps/0/node (STDOUT, STG)#

#2.0#2023 12 13 10:16:59.333#Z#DEBUG#com.sap.cloud.lm.sl.xs2.4dafd4bd-99a0-11ee-bb9f-eeee0a9f9d65.simmflocext-uideployer.stageAppTask#
######org.cloudfoundry.multiapps.controller.persistence.services.ProcessLogger########flowable-async-job-executor-thread-7812###
[PollStageAppStatusExecution] [simmflocext-uideployer] 0edd0c3c-2cc8-4974-8cbe-9118b008f7c4 [2023-12-13T10:16:56.132736] NODE_MODULES_CACHE=true (STDOUT, STG)#

#2.0#2023 12 13 10:16:59.333#Z#DEBUG#com.sap.cloud.lm.sl.xs2.4dafd4bd-99a0-11ee-bb9f-eeee0a9f9d65.simmflocext-uideployer.stageAppTask#
######org.cloudfoundry.multiapps.controller.persistence.services.ProcessLogger########flowable-async-job-executor-thread-7812###
[PollStageAppStatusExecution] [simmflocext-uideployer] 0edd0c3c-2cc8-4974-8cbe-9118b008f7c4 [2023-12-13T10:16:56.132739] NODE_VERBOSE=false (STDOUT, STG)#

#2.0#2023 12 13 10:16:59.333#Z#DEBUG#com.sap.cloud.lm.sl.xs2.4dafd4bd-99a0-11ee-bb9f-eeee0a9f9d65.simmflocext-uideployer.stageAppTask#
######org.cloudfoundry.multiapps.controller.persistence.services.ProcessLogger########flowable-async-job-executor-thread-7812###
[PollStageAppStatusExecution] [simmflocext-uideployer] 0edd0c3c-2cc8-4974-8cbe-9118b008f7c4 [2023-12-13T10:16:56.132740] NPM_CONFIG_LOGLEVEL=error (STDOUT, STG)#

#2.0#2023 12 13 10:16:59.333#Z#DEBUG#com.sap.cloud.lm.sl.xs2.4dafd4bd-99a0-11ee-bb9f-eeee0a9f9d65.simmflocext-uideployer.stageAppTask#
######org.cloudfoundry.multiapps.controller.persistence.services.ProcessLogger########flowable-async-job-executor-thread-7812###
[PollStageAppStatusExecution] [simmflocext-uideployer] 0edd0c3c-2cc8-4974-8cbe-9118b008f7c4 [2023-12-13T10:16:56.132742] NPM_CONFIG_PRODUCTION=true (STDOUT, STG)#

#2.0#2023 12 13 10:16:59.333#Z#DEBUG#com.sap.cloud.lm.sl.xs2.4dafd4bd-99a0-11ee-bb9f-eeee0a9f9d65.simmflocext-uideployer.stageAppTask#
######org.cloudfoundry.multiapps.controller.persistence.services.ProcessLogger########flowable-async-job-executor-thread-7812###
[PollStageAppStatusExecution] [simmflocext-uideployer] 0edd0c3c-2cc8-4974-8cbe-9118b008f7c4 [2023-12-13T10:16:56.132785] -----> Building dependencies (STDOUT, STG)#

#2.0#2023 12 13 10:16:59.333#Z#DEBUG#com.sap.cloud.lm.sl.xs2.4dafd4bd-99a0-11ee-bb9f-eeee0a9f9d65.simmflocext-uideployer.stageAppTask#
######org.cloudfoundry.multiapps.controller.persistence.services.ProcessLogger########flowable-async-job-executor-thread-7812###
[PollStageAppStatusExecution] [simmflocext-uideployer] 0edd0c3c-2cc8-4974-8cbe-9118b008f7c4 [2023-12-13T10:16:56.132787] Prebuild detected (node_modules already exists) (STDOUT, STG)#

#2.0#2023 12 13 10:16:59.333#Z#DEBUG#com.sap.cloud.lm.sl.xs2.4dafd4bd-99a0-11ee-bb9f-eeee0a9f9d65.simmflocext-uideployer.stageAppTask#
######org.cloudfoundry.multiapps.controller.persistence.services.ProcessLogger########flowable-async-job-executor-thread-7812###
[PollStageAppStatusExecution] [simmflocext-uideployer] 0edd0c3c-2cc8-4974-8cbe-9118b008f7c4 [2023-12-13T10:16:56.132788] Rebuilding any native modules (STDOUT, STG)#

#2.0#2023 12 13 10:16:59.333#Z#DEBUG#com.sap.cloud.lm.sl.xs2.4dafd4bd-99a0-11ee-bb9f-eeee0a9f9d65.simmflocext-uideployer.stageAppTask#
######org.cloudfoundry.multiapps.controller.persistence.services.ProcessLogger########flowable-async-job-executor-thread-7812###
[PollStageAppStatusExecution] [simmflocext-uideployer] 0edd0c3c-2cc8-4974-8cbe-9118b008f7c4 [2023-12-13T10:16:56.689093] rebuilt dependencies successfully (STDOUT, STG)#

#2.0#2023 12 13 10:16:59.333#Z#DEBUG#com.sap.cloud.lm.sl.xs2.4dafd4bd-99a0-11ee-bb9f-eeee0a9f9d65.simmflocext-uideployer.stageAppTask#
######org.cloudfoundry.multiapps.controller.persistence.services.ProcessLogger########flowable-async-job-executor-thread-7812###
[PollStageAppStatusExecution] [simmflocext-uideployer] 0edd0c3c-2cc8-4974-8cbe-9118b008f7c4 [2023-12-13T10:16:56.701138] Installing any new modules (package.json + package-lock.json) (STDOUT, STG)#

#2.0#2023 12 13 10:16:59.333#Z#DEBUG#com.sap.cloud.lm.sl.xs2.4dafd4bd-99a0-11ee-bb9f-eeee0a9f9d65.simmflocext-uideployer.stageAppTask#
######org.cloudfoundry.multiapps.controller.persistence.services.ProcessLogger########flowable-async-job-executor-thread-7812###
[PollStageAppStatusExecution] [simmflocext-uideployer] 0edd0c3c-2cc8-4974-8cbe-9118b008f7c4 [2023-12-13T10:16:57.351075] up to date in 412ms (STDOUT, STG)#

#2.0#2023 12 13 10:16:59.333#Z#DEBUG#com.sap.cloud.lm.sl.xs2.4dafd4bd-99a0-11ee-bb9f-eeee0a9f9d65.simmflocext-uideployer.stageAppTask#
######org.cloudfoundry.multiapps.controller.persistence.services.ProcessLogger########flowable-async-job-executor-thread-7812###
[PollStageAppStatusExecution] [simmflocext-uideployer] 0edd0c3c-2cc8-4974-8cbe-9118b008f7c4 [2023-12-13T10:16:57.351169] 6 packages are looking for funding (STDOUT, STG)#

#2.0#2023 12 13 10:16:59.333#Z#DEBUG#com.sap.cloud.lm.sl.xs2.4dafd4bd-99a0-11ee-bb9f-eeee0a9f9d65.simmflocext-uideployer.stageAppTask#
######org.cloudfoundry.multiapps.controller.persistence.services.ProcessLogger########flowable-async-job-executor-thread-7812###
[PollStageAppStatusExecution] [simmflocext-uideployer] 0edd0c3c-2cc8-4974-8cbe-9118b008f7c4 [2023-12-13T10:16:57.351180] run `npm fund` for details (STDOUT, STG)#

#2.0#2023 12 13 10:16:59.333#Z#DEBUG#com.sap.cloud.lm.sl.xs2.4dafd4bd-99a0-11ee-bb9f-eeee0a9f9d65.simmflocext-uideployer.stageAppTask#
######org.cloudfoundry.multiapps.controller.persistence.services.ProcessLogger########flowable-async-job-executor-thread-7812###
[PollStageAppStatusExecution] [simmflocext-uideployer] 0edd0c3c-2cc8-4974-8cbe-9118b008f7c4 [2023-12-13T10:16:58.096110] Contrast Security no credentials found. Will not write environment files. (STDOUT, STG)#

#2.0#2023 12 13 10:16:59.333#Z#DEBUG#com.sap.cloud.lm.sl.xs2.4dafd4bd-99a0-11ee-bb9f-eeee0a9f9d65.simmflocext-uideployer.stageAppTask#
######org.cloudfoundry.multiapps.controller.persistence.services.ProcessLogger########flowable-async-job-executor-thread-7812###
[PollStageAppStatusExecution] [simmflocext-uideployer] 0edd0c3c-2cc8-4974-8cbe-9118b008f7c4 [2023-12-13T10:16:58.096156] inside Sealights hook (STDOUT, STG)#

#2.0#2023 12 13 10:16:59.333#Z#DEBUG#com.sap.cloud.lm.sl.xs2.4dafd4bd-99a0-11ee-bb9f-eeee0a9f9d65.simmflocext-uideployer.stageAppTask#
######org.cloudfoundry.multiapps.controller.persistence.services.ProcessLogger########flowable-async-job-executor-thread-7812###
[PollStageAppStatusExecution] [simmflocext-uideployer] 0edd0c3c-2cc8-4974-8cbe-9118b008f7c4 [2023-12-13T10:16:58.096160] service is not configured to run with Sealights (STDOUT, STG)#

#2.0#2023 12 13 10:17:09.455#Z#DEBUG#com.sap.cloud.lm.sl.xs2.4dafd4bd-99a0-11ee-bb9f-eeee0a9f9d65.simmflocext-uideployer.stageAppTask#
######org.cloudfoundry.multiapps.controller.persistence.services.ProcessLogger########flowable-async-job-executor-thread-12710###
[PollStageAppStatusExecution] [simmflocext-uideployer] 0edd0c3c-2cc8-4974-8cbe-9118b008f7c4 [2023-12-13T10:17:04.545326] Exit status 0 (STDOUT, STG)#

#2.0#2023 12 13 10:17:09.455#Z#DEBUG#com.sap.cloud.lm.sl.xs2.4dafd4bd-99a0-11ee-bb9f-eeee0a9f9d65.simmflocext-uideployer.stageAppTask#
######org.cloudfoundry.multiapps.controller.persistence.services.ProcessLogger########flowable-async-job-executor-thread-12710###
[PollStageAppStatusExecution] [simmflocext-uideployer] 0edd0c3c-2cc8-4974-8cbe-9118b008f7c4 [2023-12-13T10:17:04.545368] Uploading droplet, build artifacts cache... (STDOUT, STG)#

#2.0#2023 12 13 10:17:09.455#Z#DEBUG#com.sap.cloud.lm.sl.xs2.4dafd4bd-99a0-11ee-bb9f-eeee0a9f9d65.simmflocext-uideployer.stageAppTask#
######org.cloudfoundry.multiapps.controller.persistence.services.ProcessLogger########flowable-async-job-executor-thread-12710###
[PollStageAppStatusExecution] [simmflocext-uideployer] 0edd0c3c-2cc8-4974-8cbe-9118b008f7c4 [2023-12-13T10:17:04.545396] Uploading droplet... (STDOUT, STG)#

#2.0#2023 12 13 10:17:09.455#Z#DEBUG#com.sap.cloud.lm.sl.xs2.4dafd4bd-99a0-11ee-bb9f-eeee0a9f9d65.simmflocext-uideployer.stageAppTask#
######org.cloudfoundry.multiapps.controller.persistence.services.ProcessLogger########flowable-async-job-executor-thread-12710###
[PollStageAppStatusExecution] [simmflocext-uideployer] 0edd0c3c-2cc8-4974-8cbe-9118b008f7c4 [2023-12-13T10:17:04.545445] Uploading build artifacts cache... (STDOUT, STG)#

#2.0#2023 12 13 10:17:09.455#Z#DEBUG#com.sap.cloud.lm.sl.xs2.4dafd4bd-99a0-11ee-bb9f-eeee0a9f9d65.simmflocext-uideployer.stageAppTask#
######org.cloudfoundry.multiapps.controller.persistence.services.ProcessLogger########flowable-async-job-executor-thread-12710###
[PollStageAppStatusExecution] [simmflocext-uideployer] 0edd0c3c-2cc8-4974-8cbe-9118b008f7c4 [2023-12-13T10:17:04.561879] Uploaded build artifacts cache (220B) (STDOUT, STG)#

#2.0#2023 12 13 10:17:09.455#Z#DEBUG#com.sap.cloud.lm.sl.xs2.4dafd4bd-99a0-11ee-bb9f-eeee0a9f9d65.simmflocext-uideployer.stageAppTask#
######org.cloudfoundry.multiapps.controller.persistence.services.ProcessLogger########flowable-async-job-executor-thread-12710###
[PollStageAppStatusExecution] [simmflocext-uideployer] 0edd0c3c-2cc8-4974-8cbe-9118b008f7c4 [2023-12-13T10:17:04.991126] Creating droplet for app with guid 0edd0c3c-2cc8-4974-8cbe-9118b008f7c4 (STDOUT, API)#

#2.0#2023 12 13 10:17:09.455#Z#DEBUG#com.sap.cloud.lm.sl.xs2.4dafd4bd-99a0-11ee-bb9f-eeee0a9f9d65.simmflocext-uideployer.stageAppTask#
######org.cloudfoundry.multiapps.controller.persistence.services.ProcessLogger########flowable-async-job-executor-thread-12710###
[PollStageAppStatusExecution] [simmflocext-uideployer] 0edd0c3c-2cc8-4974-8cbe-9118b008f7c4 [2023-12-13T10:17:09.115970] Uploaded droplet (47.2M) (STDOUT, STG)#

#2.0#2023 12 13 10:17:09.455#Z#DEBUG#com.sap.cloud.lm.sl.xs2.4dafd4bd-99a0-11ee-bb9f-eeee0a9f9d65.simmflocext-uideployer.stageAppTask#
######org.cloudfoundry.multiapps.controller.persistence.services.ProcessLogger########flowable-async-job-executor-thread-12710###
[PollStageAppStatusExecution] [simmflocext-uideployer] 0edd0c3c-2cc8-4974-8cbe-9118b008f7c4 [2023-12-13T10:17:09.128671] Uploading complete (STDOUT, STG)#

#2.0#2023 12 13 10:17:19.528#Z#DEBUG#com.sap.cloud.lm.sl.xs2.4dafd4bd-99a0-11ee-bb9f-eeee0a9f9d65.simmflocext-uideployer.stageAppTask#
######org.cloudfoundry.multiapps.controller.persistence.services.ProcessLogger########flowable-async-job-executor-thread-7829###
[PollStageAppStatusExecution] [simmflocext-uideployer] 0edd0c3c-2cc8-4974-8cbe-9118b008f7c4 [2023-12-13T10:17:09.363739] Cell cd431d46-a328-430d-ac78-98292f930c90 stopping instance 93ce7227-36db-4e9a-b11d-3a1ab8ec5522 (STDOUT, STG)#

#2.0#2023 12 13 10:17:19.528#Z#DEBUG#com.sap.cloud.lm.sl.xs2.4dafd4bd-99a0-11ee-bb9f-eeee0a9f9d65.simmflocext-uideployer.stageAppTask#
######org.cloudfoundry.multiapps.controller.persistence.services.ProcessLogger########flowable-async-job-executor-thread-7829###
[PollStageAppStatusExecution] [simmflocext-uideployer] 0edd0c3c-2cc8-4974-8cbe-9118b008f7c4 [2023-12-13T10:17:09.363764] Cell cd431d46-a328-430d-ac78-98292f930c90 destroying container for instance 93ce7227-36db-4e9a-b11d-3a1ab8ec5522 (STDOUT, STG)#

#2.0#2023 12 13 10:17:19.528#Z#DEBUG#com.sap.cloud.lm.sl.xs2.4dafd4bd-99a0-11ee-bb9f-eeee0a9f9d65.simmflocext-uideployer.stageAppTask#
######org.cloudfoundry.multiapps.controller.persistence.services.ProcessLogger########flowable-async-job-executor-thread-7829###
[PollStageAppStatusExecution] [simmflocext-uideployer] 0edd0c3c-2cc8-4974-8cbe-9118b008f7c4 [2023-12-13T10:17:11.101142] Cell cd431d46-a328-430d-ac78-98292f930c90 successfully destroyed container for instance 93ce7227-36db-4e9a-b11d-3a1ab8ec5522 (STDOUT, STG)#

#2.0#2023 12 13 10:17:29.650#Z#DEBUG#com.sap.cloud.lm.sl.xs2.4dafd4bd-99a0-11ee-bb9f-eeee0a9f9d65.simmflocext-uideployer.startAppTask#
######org.cloudfoundry.multiapps.controller.persistence.services.ProcessLogger########flowable-async-job-executor-thread-10084###
[PollStartAppStatusExecution] [simmflocext-uideployer] 0edd0c3c-2cc8-4974-8cbe-9118b008f7c4 [2023-12-13T10:17:19.601076] Updated app with guid 0edd0c3c-2cc8-4974-8cbe-9118b008f7c4 ({:droplet_guid=>"8a07c3ce-4995-41f3-b86f-5490992a791a"}) (STDOUT, API)#

#2.0#2023 12 13 10:17:29.650#Z#DEBUG#com.sap.cloud.lm.sl.xs2.4dafd4bd-99a0-11ee-bb9f-eeee0a9f9d65.simmflocext-uideployer.startAppTask#
######org.cloudfoundry.multiapps.controller.persistence.services.ProcessLogger########flowable-async-job-executor-thread-10084###
[PollStartAppStatusExecution] [simmflocext-uideployer] 0edd0c3c-2cc8-4974-8cbe-9118b008f7c4 [2023-12-13T10:17:19.801517] Creating revision for app with guid 0edd0c3c-2cc8-4974-8cbe-9118b008f7c4 (STDOUT, API)#

#2.0#2023 12 13 10:17:29.650#Z#DEBUG#com.sap.cloud.lm.sl.xs2.4dafd4bd-99a0-11ee-bb9f-eeee0a9f9d65.simmflocext-uideployer.startAppTask#
######org.cloudfoundry.multiapps.controller.persistence.services.ProcessLogger########flowable-async-job-executor-thread-10084###
[PollStartAppStatusExecution] [simmflocext-uideployer] 0edd0c3c-2cc8-4974-8cbe-9118b008f7c4 [2023-12-13T10:17:19.842885] Starting app with guid 0edd0c3c-2cc8-4974-8cbe-9118b008f7c4 (STDOUT, API)#

#2.0#2023 12 13 10:17:29.650#Z#DEBUG#com.sap.cloud.lm.sl.xs2.4dafd4bd-99a0-11ee-bb9f-eeee0a9f9d65.simmflocext-uideployer.startAppTask#
######org.cloudfoundry.multiapps.controller.persistence.services.ProcessLogger########flowable-async-job-executor-thread-10084###
[PollStartAppStatusExecution] [simmflocext-uideployer] 0edd0c3c-2cc8-4974-8cbe-9118b008f7c4 [2023-12-13T10:17:19.991203] Cell 426a0b53-de8d-48c7-8f37-4b0c11225126 creating container for instance be814c2f-92b6-451f-79bb-e2ab (STDOUT, CELL)#

#2.0#2023 12 13 10:17:29.650#Z#DEBUG#com.sap.cloud.lm.sl.xs2.4dafd4bd-99a0-11ee-bb9f-eeee0a9f9d65.simmflocext-uideployer.startAppTask#
######org.cloudfoundry.multiapps.controller.persistence.services.ProcessLogger########flowable-async-job-executor-thread-10084###
[PollStartAppStatusExecution] [simmflocext-uideployer] 0edd0c3c-2cc8-4974-8cbe-9118b008f7c4 [2023-12-13T10:17:20.747825] Security group rules were updated (STDOUT, CELL)#

#2.0#2023 12 13 10:17:29.650#Z#DEBUG#com.sap.cloud.lm.sl.xs2.4dafd4bd-99a0-11ee-bb9f-eeee0a9f9d65.simmflocext-uideployer.startAppTask#
######org.cloudfoundry.multiapps.controller.persistence.services.ProcessLogger########flowable-async-job-executor-thread-10084###
[PollStartAppStatusExecution] [simmflocext-uideployer] 0edd0c3c-2cc8-4974-8cbe-9118b008f7c4 [2023-12-13T10:17:20.777054] Cell 426a0b53-de8d-48c7-8f37-4b0c11225126 successfully created container for instance be814c2f-92b6-451f-79bb-e2ab (STDOUT, CELL)#

#2.0#2023 12 13 10:17:29.650#Z#DEBUG#com.sap.cloud.lm.sl.xs2.4dafd4bd-99a0-11ee-bb9f-eeee0a9f9d65.simmflocext-uideployer.startAppTask#
######org.cloudfoundry.multiapps.controller.persistence.services.ProcessLogger########flowable-async-job-executor-thread-10084###
[PollStartAppStatusExecution] [simmflocext-uideployer] 0edd0c3c-2cc8-4974-8cbe-9118b008f7c4 [2023-12-13T10:17:21.186401] Downloading droplet... (STDOUT, CELL)#

#2.0#2023 12 13 10:17:29.650#Z#DEBUG#com.sap.cloud.lm.sl.xs2.4dafd4bd-99a0-11ee-bb9f-eeee0a9f9d65.simmflocext-uideployer.startAppTask#
######org.cloudfoundry.multiapps.controller.persistence.services.ProcessLogger########flowable-async-job-executor-thread-10084###
[PollStartAppStatusExecution] [simmflocext-uideployer] 0edd0c3c-2cc8-4974-8cbe-9118b008f7c4 [2023-12-13T10:17:23.974286] Downloaded droplet (47.2M) (STDOUT, CELL)#

#2.0#2023 12 13 10:17:29.650#Z#DEBUG#com.sap.cloud.lm.sl.xs2.4dafd4bd-99a0-11ee-bb9f-eeee0a9f9d65.simmflocext-uideployer.startAppTask#
######org.cloudfoundry.multiapps.controller.persistence.services.ProcessLogger########flowable-async-job-executor-thread-10084###
[PollStartAppStatusExecution] [simmflocext-uideployer] 0edd0c3c-2cc8-4974-8cbe-9118b008f7c4 [2023-12-13T10:17:24.115863] Invoking pre-start scripts. (STDOUT, APP/PROC/WEB)#

#2.0#2023 12 13 10:17:29.650#Z#DEBUG#com.sap.cloud.lm.sl.xs2.4dafd4bd-99a0-11ee-bb9f-eeee0a9f9d65.simmflocext-uideployer.startAppTask#
######org.cloudfoundry.multiapps.controller.persistence.services.ProcessLogger########flowable-async-job-executor-thread-10084###
[PollStartAppStatusExecution] [simmflocext-uideployer] 0edd0c3c-2cc8-4974-8cbe-9118b008f7c4 [2023-12-13T10:17:25.631620] Invoking start command. (STDOUT, APP/PROC/WEB)#

#2.0#2023 12 13 10:17:29.650#Z#DEBUG#com.sap.cloud.lm.sl.xs2.4dafd4bd-99a0-11ee-bb9f-eeee0a9f9d65.simmflocext-uideployer.startAppTask#
######org.cloudfoundry.multiapps.controller.persistence.services.ProcessLogger########flowable-async-job-executor-thread-10084###
[PollStartAppStatusExecution] [simmflocext-uideployer] 0edd0c3c-2cc8-4974-8cbe-9118b008f7c4 [2023-12-13T10:17:28.026970] > start (STDOUT, APP/PROC/WEB)#

#2.0#2023 12 13 10:17:29.650#Z#DEBUG#com.sap.cloud.lm.sl.xs2.4dafd4bd-99a0-11ee-bb9f-eeee0a9f9d65.simmflocext-uideployer.startAppTask#
######org.cloudfoundry.multiapps.controller.persistence.services.ProcessLogger########flowable-async-job-executor-thread-10084###
[PollStartAppStatusExecution] [simmflocext-uideployer] 0edd0c3c-2cc8-4974-8cbe-9118b008f7c4 [2023-12-13T10:17:28.026988] > node node_modules/@sap/html5-app-deployer/index.js (STDOUT, APP/PROC/WEB)#

#2.0#2023 12 13 10:17:39.903#Z#DEBUG#com.sap.cloud.lm.sl.xs2.4dafd4bd-99a0-11ee-bb9f-eeee0a9f9d65.simmflocext-uideployer.startAppTask#
######org.cloudfoundry.multiapps.controller.persistence.services.ProcessLogger########flowable-async-job-executor-thread-8058###
[PollExecuteAppStatusExecution] [simmflocext-uideployer] 0edd0c3c-2cc8-4974-8cbe-9118b008f7c4 [2023-12-13T10:17:35.754435] #2023-12-13T10:17:35.754Z# - #error# Error while uploading resources to Server; Status: 400 Response: "Upload application content failed { CODE: '1001' } validation error: Application metadata for application mycompanysimmflocext already exists in service instance 0d941778-2cba-44ec-9ccc-d52a59e00136" (STDOUT, APP/PROC/WEB)#

#2.0#2023 12 13 10:17:39.903#Z#DEBUG#com.sap.cloud.lm.sl.xs2.4dafd4bd-99a0-11ee-bb9f-eeee0a9f9d65.simmflocext-uideployer.startAppTask#
######org.cloudfoundry.multiapps.controller.persistence.services.ProcessLogger########flowable-async-job-executor-thread-8058###
[PollExecuteAppStatusExecution] [simmflocext-uideployer] 0edd0c3c-2cc8-4974-8cbe-9118b008f7c4 [2023-12-13T10:17:35.754552] #2023-12-13T10:17:35.754Z# - #error# Application Deployer failed (STDOUT, APP/PROC/WEB)#

#2.0#2023 12 13 10:17:39.903#Z#DEBUG#com.sap.cloud.lm.sl.xs2.4dafd4bd-99a0-11ee-bb9f-eeee0a9f9d65.simmflocext-uideployer.startAppTask#
######org.cloudfoundry.multiapps.controller.persistence.services.ProcessLogger########flowable-async-job-executor-thread-8058###
[PollExecuteAppStatusExecution] [simmflocext-uideployer] 0edd0c3c-2cc8-4974-8cbe-9118b008f7c4 [2023-12-13T10:17:35.754619] #2023-12-13T10:17:35.754Z# - #error# Deployment of html5 application content failed [Deployment Id: deploy-4dafd4bd-99a0-11ee-bb9f-eeee0a9f9d65] (STDOUT, APP/PROC/WEB)#

#2.0#2023 12 13 10:17:39.903#Z#DEBUG#com.sap.cloud.lm.sl.xs2.4dafd4bd-99a0-11ee-bb9f-eeee0a9f9d65.simmflocext-uideployer.startAppTask#
######org.cloudfoundry.multiapps.controller.persistence.services.ProcessLogger########flowable-async-job-executor-thread-8058###
[PollExecuteAppStatusExecution] [simmflocext-uideployer] 0edd0c3c-2cc8-4974-8cbe-9118b008f7c4 [2023-12-13T10:17:35.755092] Deployment of html5 application content failed [Deployment Id: deploy-4dafd4bd-99a0-11ee-bb9f-eeee0a9f9d65] (STDERR, APP/PROC/WEB)#

#2.0#2023 12 13 10:17:50.298#Z#DEBUG#com.sap.cloud.lm.sl.xs2.4dafd4bd-99a0-11ee-bb9f-eeee0a9f9d65.simmflocext-uideployer.startAppTask#
######org.cloudfoundry.multiapps.controller.persistence.services.ProcessLogger########flowable-async-job-executor-thread-12963###
[PollStartAppStatusExecution] [simmflocext-uideployer] 0edd0c3c-2cc8-4974-8cbe-9118b008f7c4 [2023-12-13T10:17:35.754435] #2023-12-13T10:17:35.754Z# - #error# 
mycompanysimmflocext already exists in service instance 0d941778-2cba-44ec-9ccc-d52a59e00136" (STDOUT, APP/PROC/WEB)#

#2.0#2023 12 13 10:17:50.298#Z#DEBUG#com.sap.cloud.lm.sl.xs2.4dafd4bd-99a0-11ee-bb9f-eeee0a9f9d65.simmflocext-uideployer.startAppTask#
######org.cloudfoundry.multiapps.controller.persistence.services.ProcessLogger########flowable-async-job-executor-thread-12963###
[PollStartAppStatusExecution] [simmflocext-uideployer] 0edd0c3c-2cc8-4974-8cbe-9118b008f7c4 [2023-12-13T10:17:35.754552] #2023-12-13T10:17:35.754Z# - #error# Application Deployer failed (STDOUT, APP/PROC/WEB)#

#2.0#2023 12 13 10:17:50.299#Z#DEBUG#com.sap.cloud.lm.sl.xs2.4dafd4bd-99a0-11ee-bb9f-eeee0a9f9d65.simmflocext-uideployer.startAppTask#
######org.cloudfoundry.multiapps.controller.persistence.services.ProcessLogger########flowable-async-job-executor-thread-12963###
[PollStartAppStatusExecution] [simmflocext-uideployer] 0edd0c3c-2cc8-4974-8cbe-9118b008f7c4 [2023-12-13T10:17:35.754619] #2023-12-13T10:17:35.754Z# - #error# Deployment of html5 application content failed [Deployment Id: deploy-4dafd4bd-99a0-11ee-bb9f-eeee0a9f9d65] (STDOUT, APP/PROC/WEB)#

#2.0#2023 12 13 10:17:50.299#Z#DEBUG#com.sap.cloud.lm.sl.xs2.4dafd4bd-99a0-11ee-bb9f-eeee0a9f9d65.simmflocext-uideployer.startAppTask#
######org.cloudfoundry.multiapps.controller.persistence.services.ProcessLogger########flowable-async-job-executor-thread-12963###
[PollStartAppStatusExecution] [simmflocext-uideployer] 0edd0c3c-2cc8-4974-8cbe-9118b008f7c4 [2023-12-13T10:17:35.755092] Deployment of html5 application content failed [Deployment Id: deploy-4dafd4bd-99a0-11ee-bb9f-eeee0a9f9d65] (STDERR, APP/PROC/WEB)#

#2.0#2023 12 13 10:17:50.299#Z#DEBUG#com.sap.cloud.lm.sl.xs2.4dafd4bd-99a0-11ee-bb9f-eeee0a9f9d65.simmflocext-uideployer.startAppTask#
######org.cloudfoundry.multiapps.controller.persistence.services.ProcessLogger########flowable-async-job-executor-thread-12963###
[PollStartAppStatusExecution] [simmflocext-uideployer] 0edd0c3c-2cc8-4974-8cbe-9118b008f7c4 [2023-12-13T10:17:40.035330] Stopping app with guid 0edd0c3c-2cc8-4974-8cbe-9118b008f7c4 (STDOUT, API)#

#2.0#2023 12 13 10:17:50.299#Z#DEBUG#com.sap.cloud.lm.sl.xs2.4dafd4bd-99a0-11ee-bb9f-eeee0a9f9d65.simmflocext-uideployer.startAppTask#
######org.cloudfoundry.multiapps.controller.persistence.services.ProcessLogger########flowable-async-job-executor-thread-12963###
[PollStartAppStatusExecution] [simmflocext-uideployer] 0edd0c3c-2cc8-4974-8cbe-9118b008f7c4 [2023-12-13T10:17:40.067834] Cell 426a0b53-de8d-48c7-8f37-4b0c11225126 stopping instance be814c2f-92b6-451f-79bb-e2ab (STDOUT, CELL)#

#2.0#2023 12 13 10:17:50.299#Z#DEBUG#com.sap.cloud.lm.sl.xs2.4dafd4bd-99a0-11ee-bb9f-eeee0a9f9d65.simmflocext-uideployer.startAppTask#
######org.cloudfoundry.multiapps.controller.persistence.services.ProcessLogger########flowable-async-job-executor-thread-12963###
[PollStartAppStatusExecution] [simmflocext-uideployer] 0edd0c3c-2cc8-4974-8cbe-9118b008f7c4 [2023-12-13T10:17:40.769097] Starting app with guid 0edd0c3c-2cc8-4974-8cbe-9118b008f7c4 (STDOUT, API)#

#2.0#2023 12 13 10:17:50.299#Z#DEBUG#com.sap.cloud.lm.sl.xs2.4dafd4bd-99a0-11ee-bb9f-eeee0a9f9d65.simmflocext-uideployer.startAppTask#
######org.cloudfoundry.multiapps.controller.persistence.services.ProcessLogger########flowable-async-job-executor-thread-12963###
[PollStartAppStatusExecution] [simmflocext-uideployer] 0edd0c3c-2cc8-4974-8cbe-9118b008f7c4 [2023-12-13T10:17:40.923967] Cell 073fc94f-ac02-48ff-a81c-d311a7d4a3be creating container for instance b441b064-401e-4335-600d-b951 (STDOUT, CELL)#

#2.0#2023 12 13 10:17:50.299#Z#DEBUG#com.sap.cloud.lm.sl.xs2.4dafd4bd-99a0-11ee-bb9f-eeee0a9f9d65.simmflocext-uideployer.startAppTask#
######org.cloudfoundry.multiapps.controller.persistence.services.ProcessLogger########flowable-async-job-executor-thread-12963###
[PollStartAppStatusExecution] [simmflocext-uideployer] 0edd0c3c-2cc8-4974-8cbe-9118b008f7c4 [2023-12-13T10:17:41.446531] Security group rules were updated (STDOUT, CELL)#

#2.0#2023 12 13 10:17:50.299#Z#DEBUG#com.sap.cloud.lm.sl.xs2.4dafd4bd-99a0-11ee-bb9f-eeee0a9f9d65.simmflocext-uideployer.startAppTask#
######org.cloudfoundry.multiapps.controller.persistence.services.ProcessLogger########flowable-async-job-executor-thread-12963###
[PollStartAppStatusExecution] [simmflocext-uideployer] 0edd0c3c-2cc8-4974-8cbe-9118b008f7c4 [2023-12-13T10:17:41.469647] Cell 073fc94f-ac02-48ff-a81c-d311a7d4a3be successfully created container for instance b441b064-401e-4335-600d-b951 (STDOUT, CELL)#

#2.0#2023 12 13 10:17:50.299#Z#DEBUG#com.sap.cloud.lm.sl.xs2.4dafd4bd-99a0-11ee-bb9f-eeee0a9f9d65.simmflocext-uideployer.startAppTask#
######org.cloudfoundry.multiapps.controller.persistence.services.ProcessLogger########flowable-async-job-executor-thread-12963###
[PollStartAppStatusExecution] [simmflocext-uideployer] 0edd0c3c-2cc8-4974-8cbe-9118b008f7c4 [2023-12-13T10:17:41.659610] Downloading droplet... (STDOUT, CELL)#

#2.0#2023 12 13 10:17:50.299#Z#DEBUG#com.sap.cloud.lm.sl.xs2.4dafd4bd-99a0-11ee-bb9f-eeee0a9f9d65.simmflocext-uideployer.startAppTask#
######org.cloudfoundry.multiapps.controller.persistence.services.ProcessLogger########flowable-async-job-executor-thread-12963###
[PollStartAppStatusExecution] [simmflocext-uideployer] 0edd0c3c-2cc8-4974-8cbe-9118b008f7c4 [2023-12-13T10:17:44.372118] Downloaded droplet (47.2M) (STDOUT, CELL)#

#2.0#2023 12 13 10:17:50.299#Z#DEBUG#com.sap.cloud.lm.sl.xs2.4dafd4bd-99a0-11ee-bb9f-eeee0a9f9d65.simmflocext-uideployer.startAppTask#
######org.cloudfoundry.multiapps.controller.persistence.services.ProcessLogger########flowable-async-job-executor-thread-12963###
[PollStartAppStatusExecution] [simmflocext-uideployer] 0edd0c3c-2cc8-4974-8cbe-9118b008f7c4 [2023-12-13T10:17:44.619841] Invoking pre-start scripts. (STDOUT, APP/PROC/WEB)#

#2.0#2023 12 13 10:17:50.299#Z#DEBUG#com.sap.cloud.lm.sl.xs2.4dafd4bd-99a0-11ee-bb9f-eeee0a9f9d65.simmflocext-uideployer.startAppTask#
######org.cloudfoundry.multiapps.controller.persistence.services.ProcessLogger########flowable-async-job-executor-thread-12963###
[PollStartAppStatusExecution] [simmflocext-uideployer] 0edd0c3c-2cc8-4974-8cbe-9118b008f7c4 [2023-12-13T10:17:46.022767] Invoking start command. (STDOUT, APP/PROC/WEB)#

#2.0#2023 12 13 10:17:50.299#Z#DEBUG#com.sap.cloud.lm.sl.xs2.4dafd4bd-99a0-11ee-bb9f-eeee0a9f9d65.simmflocext-uideployer.startAppTask#
######org.cloudfoundry.multiapps.controller.persistence.services.ProcessLogger########flowable-async-job-executor-thread-12963###
[PollStartAppStatusExecution] [simmflocext-uideployer] 0edd0c3c-2cc8-4974-8cbe-9118b008f7c4 [2023-12-13T10:17:48.132215] > start (STDOUT, APP/PROC/WEB)#

#2.0#2023 12 13 10:17:50.299#Z#DEBUG#com.sap.cloud.lm.sl.xs2.4dafd4bd-99a0-11ee-bb9f-eeee0a9f9d65.simmflocext-uideployer.startAppTask#
######org.cloudfoundry.multiapps.controller.persistence.services.ProcessLogger########flowable-async-job-executor-thread-12963###
[PollStartAppStatusExecution] [simmflocext-uideployer] 0edd0c3c-2cc8-4974-8cbe-9118b008f7c4 [2023-12-13T10:17:48.132229] > node node_modules/@sap/html5-app-deployer/index.js (STDOUT, APP/PROC/WEB)#

#2.0#2023 12 13 10:18:00.321#Z#DEBUG#com.sap.cloud.lm.sl.xs2.4dafd4bd-99a0-11ee-bb9f-eeee0a9f9d65.simmflocext-uideployer.startAppTask#
######org.cloudfoundry.multiapps.controller.persistence.services.ProcessLogger########flowable-async-job-executor-thread-12981###
[PollExecuteAppStatusExecution] [simmflocext-uideployer] 0edd0c3c-2cc8-4974-8cbe-9118b008f7c4 [2023-12-13T10:17:55.837506] #2023-12-13T10:17:55.837Z# - #error# Error while uploading resources to Server; Status: 400 Response: "Upload application content failed { CODE: '1001' } validation error: Application metadata for application mycompanysimmflocext already exists in service instance 0d941778-2cba-44ec-9ccc-d52a59e00136" (STDOUT, APP/PROC/WEB)#

#2.0#2023 12 13 10:18:00.321#Z#DEBUG#com.sap.cloud.lm.sl.xs2.4dafd4bd-99a0-11ee-bb9f-eeee0a9f9d65.simmflocext-uideployer.startAppTask#
######org.cloudfoundry.multiapps.controller.persistence.services.ProcessLogger########flowable-async-job-executor-thread-12981###
[PollExecuteAppStatusExecution] [simmflocext-uideployer] 0edd0c3c-2cc8-4974-8cbe-9118b008f7c4 [2023-12-13T10:17:55.837596] #2023-12-13T10:17:55.837Z# - #error# Application Deployer failed (STDOUT, APP/PROC/WEB)#

#2.0#2023 12 13 10:18:00.321#Z#DEBUG#com.sap.cloud.lm.sl.xs2.4dafd4bd-99a0-11ee-bb9f-eeee0a9f9d65.simmflocext-uideployer.startAppTask#
######org.cloudfoundry.multiapps.controller.persistence.services.ProcessLogger########flowable-async-job-executor-thread-12981###
[PollExecuteAppStatusExecution] [simmflocext-uideployer] 0edd0c3c-2cc8-4974-8cbe-9118b008f7c4 [2023-12-13T10:17:55.837683] #2023-12-13T10:17:55.837Z# - #error# Deployment of html5 application content failed [Deployment Id: deploy-4dafd4bd-99a0-11ee-bb9f-eeee0a9f9d65] (STDOUT, APP/PROC/WEB)#

#2.0#2023 12 13 10:18:00.321#Z#DEBUG#com.sap.cloud.lm.sl.xs2.4dafd4bd-99a0-11ee-bb9f-eeee0a9f9d65.simmflocext-uideployer.startAppTask#
######org.cloudfoundry.multiapps.controller.persistence.services.ProcessLogger########flowable-async-job-executor-thread-12981###
[PollExecuteAppStatusExecution] [simmflocext-uideployer] 0edd0c3c-2cc8-4974-8cbe-9118b008f7c4 [2023-12-13T10:17:55.837937] Deployment of html5 application content failed [Deployment Id: deploy-4dafd4bd-99a0-11ee-bb9f-eeee0a9f9d65] (STDERR, APP/PROC/WEB)#

#2.0#2023 12 13 10:18:10.438#Z#DEBUG#com.sap.cloud.lm.sl.xs2.4dafd4bd-99a0-11ee-bb9f-eeee0a9f9d65.simmflocext-uideployer.startAppTask#
######org.cloudfoundry.multiapps.controller.persistence.services.ProcessLogger########flowable-async-job-executor-thread-8044###
[PollStartAppStatusExecution] [simmflocext-uideployer] 0edd0c3c-2cc8-4974-8cbe-9118b008f7c4 [2023-12-13T10:17:55.837506] #2023-12-13T10:17:55.837Z# - #error# Error while uploading resources to Server; Status: 400 Response: "Upload application content failed { CODE: '1001' } validation error: Application metadata for application mycompanysimmflocext already exists in service instance 0d941778-2cba-44ec-9ccc-d52a59e00136" (STDOUT, APP/PROC/WEB)#

#2.0#2023 12 13 10:18:10.438#Z#DEBUG#com.sap.cloud.lm.sl.xs2.4dafd4bd-99a0-11ee-bb9f-eeee0a9f9d65.simmflocext-uideployer.startAppTask#
######org.cloudfoundry.multiapps.controller.persistence.services.ProcessLogger########flowable-async-job-executor-thread-8044###
[PollStartAppStatusExecution] [simmflocext-uideployer] 0edd0c3c-2cc8-4974-8cbe-9118b008f7c4 [2023-12-13T10:17:55.837596] #2023-12-13T10:17:55.837Z# - #error# Application Deployer failed (STDOUT, APP/PROC/WEB)#

#2.0#2023 12 13 10:18:10.438#Z#DEBUG#com.sap.cloud.lm.sl.xs2.4dafd4bd-99a0-11ee-bb9f-eeee0a9f9d65.simmflocext-uideployer.startAppTask#
######org.cloudfoundry.multiapps.controller.persistence.services.ProcessLogger########flowable-async-job-executor-thread-8044###
[PollStartAppStatusExecution] [simmflocext-uideployer] 0edd0c3c-2cc8-4974-8cbe-9118b008f7c4 [2023-12-13T10:17:55.837683] #2023-12-13T10:17:55.837Z# - #error# Deployment of html5 application content failed [Deployment Id: deploy-4dafd4bd-99a0-11ee-bb9f-eeee0a9f9d65] (STDOUT, APP/PROC/WEB)#

#2.0#2023 12 13 10:18:10.438#Z#DEBUG#com.sap.cloud.lm.sl.xs2.4dafd4bd-99a0-11ee-bb9f-eeee0a9f9d65.simmflocext-uideployer.startAppTask#
######org.cloudfoundry.multiapps.controller.persistence.services.ProcessLogger########flowable-async-job-executor-thread-8044###
[PollStartAppStatusExecution] [simmflocext-uideployer] 0edd0c3c-2cc8-4974-8cbe-9118b008f7c4 [2023-12-13T10:17:55.837937] Deployment of html5 application content failed [Deployment Id: deploy-4dafd4bd-99a0-11ee-bb9f-eeee0a9f9d65] (STDERR, APP/PROC/WEB)#

#2.0#2023 12 13 10:18:10.438#Z#DEBUG#com.sap.cloud.lm.sl.xs2.4dafd4bd-99a0-11ee-bb9f-eeee0a9f9d65.simmflocext-uideployer.startAppTask#
######org.cloudfoundry.multiapps.controller.persistence.services.ProcessLogger########flowable-async-job-executor-thread-8044###
[PollStartAppStatusExecution] [simmflocext-uideployer] 0edd0c3c-2cc8-4974-8cbe-9118b008f7c4 [2023-12-13T10:18:00.437506] Stopping app with guid 0edd0c3c-2cc8-4974-8cbe-9118b008f7c4 (STDOUT, API)#

#2.0#2023 12 13 10:18:10.438#Z#DEBUG#com.sap.cloud.lm.sl.xs2.4dafd4bd-99a0-11ee-bb9f-eeee0a9f9d65.simmflocext-uideployer.startAppTask#
######org.cloudfoundry.multiapps.controller.persistence.services.ProcessLogger########flowable-async-job-executor-thread-8044###
[PollStartAppStatusExecution] [simmflocext-uideployer] 0edd0c3c-2cc8-4974-8cbe-9118b008f7c4 [2023-12-13T10:18:00.475478] Cell 073fc94f-ac02-48ff-a81c-d311a7d4a3be stopping instance b441b064-401e-4335-600d-b951 (STDOUT, CELL)#

#2.0#2023 12 13 10:18:10.438#Z#DEBUG#com.sap.cloud.lm.sl.xs2.4dafd4bd-99a0-11ee-bb9f-eeee0a9f9d65.simmflocext-uideployer.startAppTask#
######org.cloudfoundry.multiapps.controller.persistence.services.ProcessLogger########flowable-async-job-executor-thread-8044###
[PollStartAppStatusExecution] [simmflocext-uideployer] 0edd0c3c-2cc8-4974-8cbe-9118b008f7c4 [2023-12-13T10:18:02.176054] Starting app with guid 0edd0c3c-2cc8-4974-8cbe-9118b008f7c4 (STDOUT, API)#

#2.0#2023 12 13 10:18:10.438#Z#DEBUG#com.sap.cloud.lm.sl.xs2.4dafd4bd-99a0-11ee-bb9f-eeee0a9f9d65.simmflocext-uideployer.startAppTask#
######org.cloudfoundry.multiapps.controller.persistence.services.ProcessLogger########flowable-async-job-executor-thread-8044###
[PollStartAppStatusExecution] [simmflocext-uideployer] 0edd0c3c-2cc8-4974-8cbe-9118b008f7c4 [2023-12-13T10:18:02.341302] Cell 33e0baef-48f8-421d-bd80-117cdeab6dd8 creating container for instance 87032043-5785-4ede-5934-0297 (STDOUT, CELL)#

#2.0#2023 12 13 10:18:10.438#Z#DEBUG#com.sap.cloud.lm.sl.xs2.4dafd4bd-99a0-11ee-bb9f-eeee0a9f9d65.simmflocext-uideployer.startAppTask#
######org.cloudfoundry.multiapps.controller.persistence.services.ProcessLogger########flowable-async-job-executor-thread-8044###
[PollStartAppStatusExecution] [simmflocext-uideployer] 0edd0c3c-2cc8-4974-8cbe-9118b008f7c4 [2023-12-13T10:18:03.024070] Security group rules were updated (STDOUT, CELL)#

#2.0#2023 12 13 10:18:10.438#Z#DEBUG#com.sap.cloud.lm.sl.xs2.4dafd4bd-99a0-11ee-bb9f-eeee0a9f9d65.simmflocext-uideployer.startAppTask#
######org.cloudfoundry.multiapps.controller.persistence.services.ProcessLogger########flowable-async-job-executor-thread-8044###
[PollStartAppStatusExecution] [simmflocext-uideployer] 0edd0c3c-2cc8-4974-8cbe-9118b008f7c4 [2023-12-13T10:18:03.052756] Cell 33e0baef-48f8-421d-bd80-117cdeab6dd8 successfully created container for instance 87032043-5785-4ede-5934-0297 (STDOUT, CELL)#

#2.0#2023 12 13 10:18:10.438#Z#DEBUG#com.sap.cloud.lm.sl.xs2.4dafd4bd-99a0-11ee-bb9f-eeee0a9f9d65.simmflocext-uideployer.startAppTask#
######org.cloudfoundry.multiapps.controller.persistence.services.ProcessLogger########flowable-async-job-executor-thread-8044###
[PollStartAppStatusExecution] [simmflocext-uideployer] 0edd0c3c-2cc8-4974-8cbe-9118b008f7c4 [2023-12-13T10:18:03.260365] Downloading droplet... (STDOUT, CELL)#

#2.0#2023 12 13 10:18:10.438#Z#DEBUG#com.sap.cloud.lm.sl.xs2.4dafd4bd-99a0-11ee-bb9f-eeee0a9f9d65.simmflocext-uideployer.startAppTask#
######org.cloudfoundry.multiapps.controller.persistence.services.ProcessLogger########flowable-async-job-executor-thread-8044###
[PollStartAppStatusExecution] [simmflocext-uideployer] 0edd0c3c-2cc8-4974-8cbe-9118b008f7c4 [2023-12-13T10:18:05.964635] Downloaded droplet (47.2M) (STDOUT, CELL)#

#2.0#2023 12 13 10:18:10.438#Z#DEBUG#com.sap.cloud.lm.sl.xs2.4dafd4bd-99a0-11ee-bb9f-eeee0a9f9d65.simmflocext-uideployer.startAppTask#
######org.cloudfoundry.multiapps.controller.persistence.services.ProcessLogger########flowable-async-job-executor-thread-8044###
[PollStartAppStatusExecution] [simmflocext-uideployer] 0edd0c3c-2cc8-4974-8cbe-9118b008f7c4 [2023-12-13T10:18:06.128800] Invoking pre-start scripts. (STDOUT, APP/PROC/WEB)#

#2.0#2023 12 13 10:18:10.438#Z#DEBUG#com.sap.cloud.lm.sl.xs2.4dafd4bd-99a0-11ee-bb9f-eeee0a9f9d65.simmflocext-uideployer.startAppTask#
######org.cloudfoundry.multiapps.controller.persistence.services.ProcessLogger########flowable-async-job-executor-thread-8044###
[PollStartAppStatusExecution] [simmflocext-uideployer] 0edd0c3c-2cc8-4974-8cbe-9118b008f7c4 [2023-12-13T10:18:07.638453] Invoking start command. (STDOUT, APP/PROC/WEB)#

#2.0#2023 12 13 10:18:10.438#Z#DEBUG#com.sap.cloud.lm.sl.xs2.4dafd4bd-99a0-11ee-bb9f-eeee0a9f9d65.simmflocext-uideployer.startAppTask#
######org.cloudfoundry.multiapps.controller.persistence.services.ProcessLogger########flowable-async-job-executor-thread-8044###
[PollStartAppStatusExecution] [simmflocext-uideployer] 0edd0c3c-2cc8-4974-8cbe-9118b008f7c4 [2023-12-13T10:18:09.944092] > start (STDOUT, APP/PROC/WEB)#

#2.0#2023 12 13 10:18:10.438#Z#DEBUG#com.sap.cloud.lm.sl.xs2.4dafd4bd-99a0-11ee-bb9f-eeee0a9f9d65.simmflocext-uideployer.startAppTask#
######org.cloudfoundry.multiapps.controller.persistence.services.ProcessLogger########flowable-async-job-executor-thread-8044###
[PollStartAppStatusExecution] [simmflocext-uideployer] 0edd0c3c-2cc8-4974-8cbe-9118b008f7c4 [2023-12-13T10:18:09.944245] > node node_modules/@sap/html5-app-deployer/index.js (STDOUT, APP/PROC/WEB)#

#2.0#2023 12 13 10:18:20.680#Z#DEBUG#com.sap.cloud.lm.sl.xs2.4dafd4bd-99a0-11ee-bb9f-eeee0a9f9d65.simmflocext-uideployer.startAppTask#
######org.cloudfoundry.multiapps.controller.persistence.services.ProcessLogger########flowable-async-job-executor-thread-13042###
[PollExecuteAppStatusExecution] [simmflocext-uideployer] 0edd0c3c-2cc8-4974-8cbe-9118b008f7c4 [2023-12-13T10:18:17.741137] #2023-12-13T10:18:17.740Z# - #error# Error while uploading resources to Server; Status: 400 Response: "Upload application content failed { CODE: '1001' } validation error: Application metadata for application mycompanysimmflocext already exists in service instance 0d941778-2cba-44ec-9ccc-d52a59e00136" (STDOUT, APP/PROC/WEB)#

#2.0#2023 12 13 10:18:20.680#Z#DEBUG#com.sap.cloud.lm.sl.xs2.4dafd4bd-99a0-11ee-bb9f-eeee0a9f9d65.simmflocext-uideployer.startAppTask#
######org.cloudfoundry.multiapps.controller.persistence.services.ProcessLogger########flowable-async-job-executor-thread-13042###
[PollExecuteAppStatusExecution] [simmflocext-uideployer] 0edd0c3c-2cc8-4974-8cbe-9118b008f7c4 [2023-12-13T10:18:17.741176] #2023-12-13T10:18:17.741Z# - #error# Application Deployer failed (STDOUT, APP/PROC/WEB)#

#2.0#2023 12 13 10:18:20.680#Z#DEBUG#com.sap.cloud.lm.sl.xs2.4dafd4bd-99a0-11ee-bb9f-eeee0a9f9d65.simmflocext-uideployer.startAppTask#
######org.cloudfoundry.multiapps.controller.persistence.services.ProcessLogger########flowable-async-job-executor-thread-13042###
[PollExecuteAppStatusExecution] [simmflocext-uideployer] 0edd0c3c-2cc8-4974-8cbe-9118b008f7c4 [2023-12-13T10:18:17.741254] #2023-12-13T10:18:17.741Z# - #error# Deployment of html5 application content failed [Deployment Id: deploy-4dafd4bd-99a0-11ee-bb9f-eeee0a9f9d65] (STDOUT, APP/PROC/WEB)#

#2.0#2023 12 13 10:18:20.680#Z#DEBUG#com.sap.cloud.lm.sl.xs2.4dafd4bd-99a0-11ee-bb9f-eeee0a9f9d65.simmflocext-uideployer.startAppTask#
######org.cloudfoundry.multiapps.controller.persistence.services.ProcessLogger########flowable-async-job-executor-thread-13042###
[PollExecuteAppStatusExecution] [simmflocext-uideployer] 0edd0c3c-2cc8-4974-8cbe-9118b008f7c4 [2023-12-13T10:18:17.741567] Deployment of html5 application content failed [Deployment Id: deploy-4dafd4bd-99a0-11ee-bb9f-eeee0a9f9d65] (STDERR, APP/PROC/WEB)#

#2.0#2023 12 13 10:18:30.737#Z#DEBUG#com.sap.cloud.lm.sl.xs2.4dafd4bd-99a0-11ee-bb9f-eeee0a9f9d65.simmflocext-uideployer.startAppTask#
######org.cloudfoundry.multiapps.controller.persistence.services.ProcessLogger########flowable-async-job-executor-thread-8225###
[PollStartAppStatusExecution] [simmflocext-uideployer] 0edd0c3c-2cc8-4974-8cbe-9118b008f7c4 [2023-12-13T10:18:17.741137] #2023-12-13T10:18:17.740Z# - #error# Error while uploading resources to Server; Status: 400 Response: "Upload application content failed { CODE: '1001' } validation error: Application metadata for application mycompanysimmflocext already exists in service instance 0d941778-2cba-44ec-9ccc-d52a59e00136" (STDOUT, APP/PROC/WEB)#

#2.0#2023 12 13 10:18:30.737#Z#DEBUG#com.sap.cloud.lm.sl.xs2.4dafd4bd-99a0-11ee-bb9f-eeee0a9f9d65.simmflocext-uideployer.startAppTask#
######org.cloudfoundry.multiapps.controller.persistence.services.ProcessLogger########flowable-async-job-executor-thread-8225###
[PollStartAppStatusExecution] [simmflocext-uideployer] 0edd0c3c-2cc8-4974-8cbe-9118b008f7c4 [2023-12-13T10:18:17.741176] #2023-12-13T10:18:17.741Z# - #error# Application Deployer failed (STDOUT, APP/PROC/WEB)#

#2.0#2023 12 13 10:18:30.737#Z#DEBUG#com.sap.cloud.lm.sl.xs2.4dafd4bd-99a0-11ee-bb9f-eeee0a9f9d65.simmflocext-uideployer.startAppTask#
######org.cloudfoundry.multiapps.controller.persistence.services.ProcessLogger########flowable-async-job-executor-thread-8225###
[PollStartAppStatusExecution] [simmflocext-uideployer] 0edd0c3c-2cc8-4974-8cbe-9118b008f7c4 [2023-12-13T10:18:17.741254] #2023-12-13T10:18:17.741Z# - #error# Deployment of html5 application content failed [Deployment Id: deploy-4dafd4bd-99a0-11ee-bb9f-eeee0a9f9d65] (STDOUT, APP/PROC/WEB)#

#2.0#2023 12 13 10:18:30.737#Z#DEBUG#com.sap.cloud.lm.sl.xs2.4dafd4bd-99a0-11ee-bb9f-eeee0a9f9d65.simmflocext-uideployer.startAppTask#
######org.cloudfoundry.multiapps.controller.persistence.services.ProcessLogger########flowable-async-job-executor-thread-8225###
[PollStartAppStatusExecution] [simmflocext-uideployer] 0edd0c3c-2cc8-4974-8cbe-9118b008f7c4 [2023-12-13T10:18:17.741567] Deployment of html5 application content failed [Deployment Id: deploy-4dafd4bd-99a0-11ee-bb9f-eeee0a9f9d65] (STDERR, APP/PROC/WEB)#

#2.0#2023 12 13 10:18:30.737#Z#DEBUG#com.sap.cloud.lm.sl.xs2.4dafd4bd-99a0-11ee-bb9f-eeee0a9f9d65.simmflocext-uideployer.startAppTask#
######org.cloudfoundry.multiapps.controller.persistence.services.ProcessLogger########flowable-async-job-executor-thread-8225###
[PollStartAppStatusExecution] [simmflocext-uideployer] 0edd0c3c-2cc8-4974-8cbe-9118b008f7c4 [2023-12-13T10:18:20.789390] Stopping app with guid 0edd0c3c-2cc8-4974-8cbe-9118b008f7c4 (STDOUT, API)#

#2.0#2023 12 13 10:18:30.737#Z#DEBUG#com.sap.cloud.lm.sl.xs2.4dafd4bd-99a0-11ee-bb9f-eeee0a9f9d65.simmflocext-uideployer.startAppTask#
######org.cloudfoundry.multiapps.controller.persistence.services.ProcessLogger########flowable-async-job-executor-thread-8225###
[PollStartAppStatusExecution] [simmflocext-uideployer] 0edd0c3c-2cc8-4974-8cbe-9118b008f7c4 [2023-12-13T10:18:20.823330] Cell 33e0baef-48f8-421d-bd80-117cdeab6dd8 stopping instance 87032043-5785-4ede-5934-0297 (STDOUT, CELL)#

#2.0#2023 12 13 10:18:30.737#Z#DEBUG#com.sap.cloud.lm.sl.xs2.4dafd4bd-99a0-11ee-bb9f-eeee0a9f9d65.simmflocext-uideployer.startAppTask#
######org.cloudfoundry.multiapps.controller.persistence.services.ProcessLogger########flowable-async-job-executor-thread-8225###
[PollStartAppStatusExecution] [simmflocext-uideployer] 0edd0c3c-2cc8-4974-8cbe-9118b008f7c4 [2023-12-13T10:18:23.543018] Starting app with guid 0edd0c3c-2cc8-4974-8cbe-9118b008f7c4 (STDOUT, API)#

#2.0#2023 12 13 10:18:30.737#Z#DEBUG#com.sap.cloud.lm.sl.xs2.4dafd4bd-99a0-11ee-bb9f-eeee0a9f9d65.simmflocext-uideployer.startAppTask#
######org.cloudfoundry.multiapps.controller.persistence.services.ProcessLogger########flowable-async-job-executor-thread-8225###
[PollStartAppStatusExecution] [simmflocext-uideployer] 0edd0c3c-2cc8-4974-8cbe-9118b008f7c4 [2023-12-13T10:18:23.691883] Cell 3aaeeb3d-0e81-4b68-861f-95c17881675d creating container for instance 394d80e0-2520-44ef-5421-0942 (STDOUT, CELL)#

#2.0#2023 12 13 10:18:30.737#Z#DEBUG#com.sap.cloud.lm.sl.xs2.4dafd4bd-99a0-11ee-bb9f-eeee0a9f9d65.simmflocext-uideployer.startAppTask#
######org.cloudfoundry.multiapps.controller.persistence.services.ProcessLogger########flowable-async-job-executor-thread-8225###
[PollStartAppStatusExecution] [simmflocext-uideployer] 0edd0c3c-2cc8-4974-8cbe-9118b008f7c4 [2023-12-13T10:18:24.384434] Security group rules were updated (STDOUT, CELL)#

#2.0#2023 12 13 10:18:30.737#Z#DEBUG#com.sap.cloud.lm.sl.xs2.4dafd4bd-99a0-11ee-bb9f-eeee0a9f9d65.simmflocext-uideployer.startAppTask#
######org.cloudfoundry.multiapps.controller.persistence.services.ProcessLogger########flowable-async-job-executor-thread-8225###
[PollStartAppStatusExecution] [simmflocext-uideployer] 0edd0c3c-2cc8-4974-8cbe-9118b008f7c4 [2023-12-13T10:18:24.414405] Cell 3aaeeb3d-0e81-4b68-861f-95c17881675d successfully created container for instance 394d80e0-2520-44ef-5421-0942 (STDOUT, CELL)#

#2.0#2023 12 13 10:18:30.737#Z#DEBUG#com.sap.cloud.lm.sl.xs2.4dafd4bd-99a0-11ee-bb9f-eeee0a9f9d65.simmflocext-uideployer.startAppTask#
######org.cloudfoundry.multiapps.controller.persistence.services.ProcessLogger########flowable-async-job-executor-thread-8225###
[PollStartAppStatusExecution] [simmflocext-uideployer] 0edd0c3c-2cc8-4974-8cbe-9118b008f7c4 [2023-12-13T10:18:24.685865] Downloading droplet... (STDOUT, CELL)#

#2.0#2023 12 13 10:18:30.737#Z#DEBUG#com.sap.cloud.lm.sl.xs2.4dafd4bd-99a0-11ee-bb9f-eeee0a9f9d65.simmflocext-uideployer.startAppTask#
######org.cloudfoundry.multiapps.controller.persistence.services.ProcessLogger########flowable-async-job-executor-thread-8225###
[PollStartAppStatusExecution] [simmflocext-uideployer] 0edd0c3c-2cc8-4974-8cbe-9118b008f7c4 [2023-12-13T10:18:27.554511] Downloaded droplet (47.2M) (STDOUT, CELL)#

#2.0#2023 12 13 10:18:30.737#Z#DEBUG#com.sap.cloud.lm.sl.xs2.4dafd4bd-99a0-11ee-bb9f-eeee0a9f9d65.simmflocext-uideployer.startAppTask#
######org.cloudfoundry.multiapps.controller.persistence.services.ProcessLogger########flowable-async-job-executor-thread-8225###
[PollStartAppStatusExecution] [simmflocext-uideployer] 0edd0c3c-2cc8-4974-8cbe-9118b008f7c4 [2023-12-13T10:18:27.689756] Invoking pre-start scripts. (STDOUT, APP/PROC/WEB)#

#2.0#2023 12 13 10:18:30.737#Z#DEBUG#com.sap.cloud.lm.sl.xs2.4dafd4bd-99a0-11ee-bb9f-eeee0a9f9d65.simmflocext-uideployer.startAppTask#
######org.cloudfoundry.multiapps.controller.persistence.services.ProcessLogger########flowable-async-job-executor-thread-8225###
[PollStartAppStatusExecution] [simmflocext-uideployer] 0edd0c3c-2cc8-4974-8cbe-9118b008f7c4 [2023-12-13T10:18:29.386614] Invoking start command. (STDOUT, APP/PROC/WEB)#

#2.0#2023 12 13 10:18:40.807#Z#DEBUG#com.sap.cloud.lm.sl.xs2.4dafd4bd-99a0-11ee-bb9f-eeee0a9f9d65.simmflocext-uideployer.startAppTask#
######org.cloudfoundry.multiapps.controller.persistence.services.ProcessLogger########flowable-async-job-executor-thread-8154###
[PollExecuteAppStatusExecution] [simmflocext-uideployer] 0edd0c3c-2cc8-4974-8cbe-9118b008f7c4 [2023-12-13T10:18:31.893356] > start (STDOUT, APP/PROC/WEB)#

#2.0#2023 12 13 10:18:40.807#Z#DEBUG#com.sap.cloud.lm.sl.xs2.4dafd4bd-99a0-11ee-bb9f-eeee0a9f9d65.simmflocext-uideployer.startAppTask#
######org.cloudfoundry.multiapps.controller.persistence.services.ProcessLogger########flowable-async-job-executor-thread-8154###
[PollExecuteAppStatusExecution] [simmflocext-uideployer] 0edd0c3c-2cc8-4974-8cbe-9118b008f7c4 [2023-12-13T10:18:31.893377] > node node_modules/@sap/html5-app-deployer/index.js (STDOUT, APP/PROC/WEB)#

#2.0#2023 12 13 10:18:40.807#Z#DEBUG#com.sap.cloud.lm.sl.xs2.4dafd4bd-99a0-11ee-bb9f-eeee0a9f9d65.simmflocext-uideployer.startAppTask#
######org.cloudfoundry.multiapps.controller.persistence.services.ProcessLogger########flowable-async-job-executor-thread-8154###
[PollExecuteAppStatusExecution] [simmflocext-uideployer] 0edd0c3c-2cc8-4974-8cbe-9118b008f7c4 [2023-12-13T10:18:39.581777] #2023-12-13T10:18:39.581Z# - #error# Error while uploading resources to Server; Status: 400 Response: "Upload application content failed { CODE: '1001' } validation error: Application metadata for application mycompanysimmflocext already exists in service instance 0d941778-2cba-44ec-9ccc-d52a59e00136" (STDOUT, APP/PROC/WEB)#

#2.0#2023 12 13 10:18:40.807#Z#DEBUG#com.sap.cloud.lm.sl.xs2.4dafd4bd-99a0-11ee-bb9f-eeee0a9f9d65.simmflocext-uideployer.startAppTask#
######org.cloudfoundry.multiapps.controller.persistence.services.ProcessLogger########flowable-async-job-executor-thread-8154###
[PollExecuteAppStatusExecution] [simmflocext-uideployer] 0edd0c3c-2cc8-4974-8cbe-9118b008f7c4 [2023-12-13T10:18:39.581892] #2023-12-13T10:18:39.581Z# - #error# Application Deployer failed (STDOUT, APP/PROC/WEB)#

#2.0#2023 12 13 10:18:40.807#Z#DEBUG#com.sap.cloud.lm.sl.xs2.4dafd4bd-99a0-11ee-bb9f-eeee0a9f9d65.simmflocext-uideployer.startAppTask#
######org.cloudfoundry.multiapps.controller.persistence.services.ProcessLogger########flowable-async-job-executor-thread-8154###
[PollExecuteAppStatusExecution] [simmflocext-uideployer] 0edd0c3c-2cc8-4974-8cbe-9118b008f7c4 [2023-12-13T10:18:39.581944] #2023-12-13T10:18:39.581Z# - #error# Deployment of html5 application content failed [Deployment Id: deploy-4dafd4bd-99a0-11ee-bb9f-eeee0a9f9d65] (STDOUT, APP/PROC/WEB)#

#2.0#2023 12 13 10:18:40.807#Z#DEBUG#com.sap.cloud.lm.sl.xs2.4dafd4bd-99a0-11ee-bb9f-eeee0a9f9d65.simmflocext-uideployer.startAppTask#
######org.cloudfoundry.multiapps.controller.persistence.services.ProcessLogger########flowable-async-job-executor-thread-8154###
[PollExecuteAppStatusExecution] [simmflocext-uideployer] 0edd0c3c-2cc8-4974-8cbe-9118b008f7c4 [2023-12-13T10:18:39.582271] Deployment of html5 application content failed [Deployment Id: deploy-4dafd4bd-99a0-11ee-bb9f-eeee0a9f9d65] (STDERR, APP/PROC/WEB)#

