#2.0#2023 12 13 10:15:38.604#Z#DEBUG#com.sap.cloud.lm.sl.xs2.4dafd4bd-99a0-11ee-bb9f-eeee0a9f9d65.simmflocext-approuter.stageAppTask#
######org.cloudfoundry.multiapps.controller.persistence.services.ProcessLogger########flowable-async-job-executor-thread-12439###
[PollStageAppStatusExecution] [simmflocext-approuter] bc08858a-f76a-4bdd-8ef4-ecc744681630 [2023-12-13T10:14:59.057586] Added process: "web" (STDOUT, API)#

#2.0#2023 12 13 10:15:38.604#Z#DEBUG#com.sap.cloud.lm.sl.xs2.4dafd4bd-99a0-11ee-bb9f-eeee0a9f9d65.simmflocext-approuter.stageAppTask#
######org.cloudfoundry.multiapps.controller.persistence.services.ProcessLogger########flowable-async-job-executor-thread-12439###
[PollStageAppStatusExecution] [simmflocext-approuter] bc08858a-f76a-4bdd-8ef4-ecc744681630 [2023-12-13T10:14:59.065229] Created app with guid bc08858a-f76a-4bdd-8ef4-ecc744681630 (STDOUT, API)#

#2.0#2023 12 13 10:15:38.604#Z#DEBUG#com.sap.cloud.lm.sl.xs2.4dafd4bd-99a0-11ee-bb9f-eeee0a9f9d65.simmflocext-approuter.stageAppTask#
######org.cloudfoundry.multiapps.controller.persistence.services.ProcessLogger########flowable-async-job-executor-thread-12439###
[PollStageAppStatusExecution] [simmflocext-approuter] bc08858a-f76a-4bdd-8ef4-ecc744681630 [2023-12-13T10:14:59.164603] Updating process: "web" (STDOUT, API)#

#2.0#2023 12 13 10:15:38.604#Z#DEBUG#com.sap.cloud.lm.sl.xs2.4dafd4bd-99a0-11ee-bb9f-eeee0a9f9d65.simmflocext-approuter.stageAppTask#
######org.cloudfoundry.multiapps.controller.persistence.services.ProcessLogger########flowable-async-job-executor-thread-12439###
[PollStageAppStatusExecution] [simmflocext-approuter] bc08858a-f76a-4bdd-8ef4-ecc744681630 [2023-12-13T10:14:59.245559] Scaling process: "web" (STDOUT, API)#

#2.0#2023 12 13 10:15:38.604#Z#DEBUG#com.sap.cloud.lm.sl.xs2.4dafd4bd-99a0-11ee-bb9f-eeee0a9f9d65.simmflocext-approuter.stageAppTask#
######org.cloudfoundry.multiapps.controller.persistence.services.ProcessLogger########flowable-async-job-executor-thread-12439###
[PollStageAppStatusExecution] [simmflocext-approuter] bc08858a-f76a-4bdd-8ef4-ecc744681630 [2023-12-13T10:15:19.433811] Uploading app package for app with guid bc08858a-f76a-4bdd-8ef4-ecc744681630 (STDOUT, API)#

#2.0#2023 12 13 10:15:38.604#Z#DEBUG#com.sap.cloud.lm.sl.xs2.4dafd4bd-99a0-11ee-bb9f-eeee0a9f9d65.simmflocext-approuter.stageAppTask#
######org.cloudfoundry.multiapps.controller.persistence.services.ProcessLogger########flowable-async-job-executor-thread-12439###
[PollStageAppStatusExecution] [simmflocext-approuter] bc08858a-f76a-4bdd-8ef4-ecc744681630 [2023-12-13T10:15:19.569452] Updated app with guid bc08858a-f76a-4bdd-8ef4-ecc744681630 ({"environment_variables"=>"[PRIVATE DATA HIDDEN]"}) (STDOUT, API)#

#2.0#2023 12 13 10:15:38.604#Z#DEBUG#com.sap.cloud.lm.sl.xs2.4dafd4bd-99a0-11ee-bb9f-eeee0a9f9d65.simmflocext-approuter.stageAppTask#
######org.cloudfoundry.multiapps.controller.persistence.services.ProcessLogger########flowable-async-job-executor-thread-12439###
[PollStageAppStatusExecution] [simmflocext-approuter] bc08858a-f76a-4bdd-8ef4-ecc744681630 [2023-12-13T10:15:28.735346] Creating build for app with guid bc08858a-f76a-4bdd-8ef4-ecc744681630 (STDOUT, API)#

#2.0#2023 12 13 10:15:38.604#Z#DEBUG#com.sap.cloud.lm.sl.xs2.4dafd4bd-99a0-11ee-bb9f-eeee0a9f9d65.simmflocext-approuter.stageAppTask#
######org.cloudfoundry.multiapps.controller.persistence.services.ProcessLogger########flowable-async-job-executor-thread-12439###
[PollStageAppStatusExecution] [simmflocext-approuter] bc08858a-f76a-4bdd-8ef4-ecc744681630 [2023-12-13T10:15:29.169965] Downloading sap_java_buildpack_1_81... (STDOUT, STG)#

#2.0#2023 12 13 10:15:38.604#Z#DEBUG#com.sap.cloud.lm.sl.xs2.4dafd4bd-99a0-11ee-bb9f-eeee0a9f9d65.simmflocext-approuter.stageAppTask#
######org.cloudfoundry.multiapps.controller.persistence.services.ProcessLogger########flowable-async-job-executor-thread-12439###
[PollStageAppStatusExecution] [simmflocext-approuter] bc08858a-f76a-4bdd-8ef4-ecc744681630 [2023-12-13T10:15:29.169978] Downloading nodejs_buildpack... (STDOUT, STG)#

#2.0#2023 12 13 10:15:38.604#Z#DEBUG#com.sap.cloud.lm.sl.xs2.4dafd4bd-99a0-11ee-bb9f-eeee0a9f9d65.simmflocext-approuter.stageAppTask#
######org.cloudfoundry.multiapps.controller.persistence.services.ProcessLogger########flowable-async-job-executor-thread-12439###
[PollStageAppStatusExecution] [simmflocext-approuter] bc08858a-f76a-4bdd-8ef4-ecc744681630 [2023-12-13T10:15:29.169990] Downloading nginx_buildpack... (STDOUT, STG)#

#2.0#2023 12 13 10:15:38.604#Z#DEBUG#com.sap.cloud.lm.sl.xs2.4dafd4bd-99a0-11ee-bb9f-eeee0a9f9d65.simmflocext-approuter.stageAppTask#
######org.cloudfoundry.multiapps.controller.persistence.services.ProcessLogger########flowable-async-job-executor-thread-12439###
[PollStageAppStatusExecution] [simmflocext-approuter] bc08858a-f76a-4bdd-8ef4-ecc744681630 [2023-12-13T10:15:29.170022] Downloading java_buildpack... (STDOUT, STG)#

#2.0#2023 12 13 10:15:38.604#Z#DEBUG#com.sap.cloud.lm.sl.xs2.4dafd4bd-99a0-11ee-bb9f-eeee0a9f9d65.simmflocext-approuter.stageAppTask#
######org.cloudfoundry.multiapps.controller.persistence.services.ProcessLogger########flowable-async-job-executor-thread-12439###
[PollStageAppStatusExecution] [simmflocext-approuter] bc08858a-f76a-4bdd-8ef4-ecc744681630 [2023-12-13T10:15:29.170023] Downloading go_buildpack... (STDOUT, STG)#

#2.0#2023 12 13 10:15:38.604#Z#DEBUG#com.sap.cloud.lm.sl.xs2.4dafd4bd-99a0-11ee-bb9f-eeee0a9f9d65.simmflocext-approuter.stageAppTask#
######org.cloudfoundry.multiapps.controller.persistence.services.ProcessLogger########flowable-async-job-executor-thread-12439###
[PollStageAppStatusExecution] [simmflocext-approuter] bc08858a-f76a-4bdd-8ef4-ecc744681630 [2023-12-13T10:15:29.200400] Downloaded nodejs_buildpack (STDOUT, STG)#

#2.0#2023 12 13 10:15:38.604#Z#DEBUG#com.sap.cloud.lm.sl.xs2.4dafd4bd-99a0-11ee-bb9f-eeee0a9f9d65.simmflocext-approuter.stageAppTask#
######org.cloudfoundry.multiapps.controller.persistence.services.ProcessLogger########flowable-async-job-executor-thread-12439###
[PollStageAppStatusExecution] [simmflocext-approuter] bc08858a-f76a-4bdd-8ef4-ecc744681630 [2023-12-13T10:15:29.200423] Downloading staticfile_buildpack... (STDOUT, STG)#

#2.0#2023 12 13 10:15:38.604#Z#DEBUG#com.sap.cloud.lm.sl.xs2.4dafd4bd-99a0-11ee-bb9f-eeee0a9f9d65.simmflocext-approuter.stageAppTask#
######org.cloudfoundry.multiapps.controller.persistence.services.ProcessLogger########flowable-async-job-executor-thread-12439###
[PollStageAppStatusExecution] [simmflocext-approuter] bc08858a-f76a-4bdd-8ef4-ecc744681630 [2023-12-13T10:15:29.203155] Downloaded sap_java_buildpack_1_81 (STDOUT, STG)#

#2.0#2023 12 13 10:15:38.604#Z#DEBUG#com.sap.cloud.lm.sl.xs2.4dafd4bd-99a0-11ee-bb9f-eeee0a9f9d65.simmflocext-approuter.stageAppTask#
######org.cloudfoundry.multiapps.controller.persistence.services.ProcessLogger########flowable-async-job-executor-thread-12439###
[PollStageAppStatusExecution] [simmflocext-approuter] bc08858a-f76a-4bdd-8ef4-ecc744681630 [2023-12-13T10:15:29.206531] Downloaded go_buildpack (STDOUT, STG)#

#2.0#2023 12 13 10:15:38.604#Z#DEBUG#com.sap.cloud.lm.sl.xs2.4dafd4bd-99a0-11ee-bb9f-eeee0a9f9d65.simmflocext-approuter.stageAppTask#
######org.cloudfoundry.multiapps.controller.persistence.services.ProcessLogger########flowable-async-job-executor-thread-12439###
[PollStageAppStatusExecution] [simmflocext-approuter] bc08858a-f76a-4bdd-8ef4-ecc744681630 [2023-12-13T10:15:29.206532] Downloaded nginx_buildpack (STDOUT, STG)#

#2.0#2023 12 13 10:15:38.604#Z#DEBUG#com.sap.cloud.lm.sl.xs2.4dafd4bd-99a0-11ee-bb9f-eeee0a9f9d65.simmflocext-approuter.stageAppTask#
######org.cloudfoundry.multiapps.controller.persistence.services.ProcessLogger########flowable-async-job-executor-thread-12439###
[PollStageAppStatusExecution] [simmflocext-approuter] bc08858a-f76a-4bdd-8ef4-ecc744681630 [2023-12-13T10:15:29.206545] Downloading python_buildpack... (STDOUT, STG)#

#2.0#2023 12 13 10:15:38.604#Z#DEBUG#com.sap.cloud.lm.sl.xs2.4dafd4bd-99a0-11ee-bb9f-eeee0a9f9d65.simmflocext-approuter.stageAppTask#
######org.cloudfoundry.multiapps.controller.persistence.services.ProcessLogger########flowable-async-job-executor-thread-12439###
[PollStageAppStatusExecution] [simmflocext-approuter] bc08858a-f76a-4bdd-8ef4-ecc744681630 [2023-12-13T10:15:29.206551] Downloading binary_buildpack... (STDOUT, STG)#

#2.0#2023 12 13 10:15:38.604#Z#DEBUG#com.sap.cloud.lm.sl.xs2.4dafd4bd-99a0-11ee-bb9f-eeee0a9f9d65.simmflocext-approuter.stageAppTask#
######org.cloudfoundry.multiapps.controller.persistence.services.ProcessLogger########flowable-async-job-executor-thread-12439###
[PollStageAppStatusExecution] [simmflocext-approuter] bc08858a-f76a-4bdd-8ef4-ecc744681630 [2023-12-13T10:15:29.210022] Downloading sap_java_buildpack_1_80... (STDOUT, STG)#

#2.0#2023 12 13 10:15:38.605#Z#DEBUG#com.sap.cloud.lm.sl.xs2.4dafd4bd-99a0-11ee-bb9f-eeee0a9f9d65.simmflocext-approuter.stageAppTask#
######org.cloudfoundry.multiapps.controller.persistence.services.ProcessLogger########flowable-async-job-executor-thread-12439###
[PollStageAppStatusExecution] [simmflocext-approuter] bc08858a-f76a-4bdd-8ef4-ecc744681630 [2023-12-13T10:15:29.211797] Downloaded java_buildpack (STDOUT, STG)#

#2.0#2023 12 13 10:15:38.605#Z#DEBUG#com.sap.cloud.lm.sl.xs2.4dafd4bd-99a0-11ee-bb9f-eeee0a9f9d65.simmflocext-approuter.stageAppTask#
######org.cloudfoundry.multiapps.controller.persistence.services.ProcessLogger########flowable-async-job-executor-thread-12439###
[PollStageAppStatusExecution] [simmflocext-approuter] bc08858a-f76a-4bdd-8ef4-ecc744681630 [2023-12-13T10:15:29.211819] Downloading sap_java_buildpack_1_79... (STDOUT, STG)#

#2.0#2023 12 13 10:15:38.605#Z#DEBUG#com.sap.cloud.lm.sl.xs2.4dafd4bd-99a0-11ee-bb9f-eeee0a9f9d65.simmflocext-approuter.stageAppTask#
######org.cloudfoundry.multiapps.controller.persistence.services.ProcessLogger########flowable-async-job-executor-thread-12439###
[PollStageAppStatusExecution] [simmflocext-approuter] bc08858a-f76a-4bdd-8ef4-ecc744681630 [2023-12-13T10:15:29.219229] Downloaded staticfile_buildpack (STDOUT, STG)#

#2.0#2023 12 13 10:15:38.605#Z#DEBUG#com.sap.cloud.lm.sl.xs2.4dafd4bd-99a0-11ee-bb9f-eeee0a9f9d65.simmflocext-approuter.stageAppTask#
######org.cloudfoundry.multiapps.controller.persistence.services.ProcessLogger########flowable-async-job-executor-thread-12439###
[PollStageAppStatusExecution] [simmflocext-approuter] bc08858a-f76a-4bdd-8ef4-ecc744681630 [2023-12-13T10:15:29.219248] Downloading sap_java_buildpack... (STDOUT, STG)#

#2.0#2023 12 13 10:15:38.605#Z#DEBUG#com.sap.cloud.lm.sl.xs2.4dafd4bd-99a0-11ee-bb9f-eeee0a9f9d65.simmflocext-approuter.stageAppTask#
######org.cloudfoundry.multiapps.controller.persistence.services.ProcessLogger########flowable-async-job-executor-thread-12439###
[PollStageAppStatusExecution] [simmflocext-approuter] bc08858a-f76a-4bdd-8ef4-ecc744681630 [2023-12-13T10:15:29.235159] Downloaded python_buildpack (STDOUT, STG)#

#2.0#2023 12 13 10:15:38.605#Z#DEBUG#com.sap.cloud.lm.sl.xs2.4dafd4bd-99a0-11ee-bb9f-eeee0a9f9d65.simmflocext-approuter.stageAppTask#
######org.cloudfoundry.multiapps.controller.persistence.services.ProcessLogger########flowable-async-job-executor-thread-12439###
[PollStageAppStatusExecution] [simmflocext-approuter] bc08858a-f76a-4bdd-8ef4-ecc744681630 [2023-12-13T10:15:29.235181] Downloading php_buildpack... (STDOUT, STG)#

#2.0#2023 12 13 10:15:38.605#Z#DEBUG#com.sap.cloud.lm.sl.xs2.4dafd4bd-99a0-11ee-bb9f-eeee0a9f9d65.simmflocext-approuter.stageAppTask#
######org.cloudfoundry.multiapps.controller.persistence.services.ProcessLogger########flowable-async-job-executor-thread-12439###
[PollStageAppStatusExecution] [simmflocext-approuter] bc08858a-f76a-4bdd-8ef4-ecc744681630 [2023-12-13T10:15:29.237765] Downloaded sap_java_buildpack_1_80 (STDOUT, STG)#

#2.0#2023 12 13 10:15:38.605#Z#DEBUG#com.sap.cloud.lm.sl.xs2.4dafd4bd-99a0-11ee-bb9f-eeee0a9f9d65.simmflocext-approuter.stageAppTask#
######org.cloudfoundry.multiapps.controller.persistence.services.ProcessLogger########flowable-async-job-executor-thread-12439###
[PollStageAppStatusExecution] [simmflocext-approuter] bc08858a-f76a-4bdd-8ef4-ecc744681630 [2023-12-13T10:15:29.238448] Downloaded sap_java_buildpack (STDOUT, STG)#

#2.0#2023 12 13 10:15:38.605#Z#DEBUG#com.sap.cloud.lm.sl.xs2.4dafd4bd-99a0-11ee-bb9f-eeee0a9f9d65.simmflocext-approuter.stageAppTask#
######org.cloudfoundry.multiapps.controller.persistence.services.ProcessLogger########flowable-async-job-executor-thread-12439###
[PollStageAppStatusExecution] [simmflocext-approuter] bc08858a-f76a-4bdd-8ef4-ecc744681630 [2023-12-13T10:15:29.246059] Downloaded binary_buildpack (STDOUT, STG)#

#2.0#2023 12 13 10:15:38.605#Z#DEBUG#com.sap.cloud.lm.sl.xs2.4dafd4bd-99a0-11ee-bb9f-eeee0a9f9d65.simmflocext-approuter.stageAppTask#
######org.cloudfoundry.multiapps.controller.persistence.services.ProcessLogger########flowable-async-job-executor-thread-12439###
[PollStageAppStatusExecution] [simmflocext-approuter] bc08858a-f76a-4bdd-8ef4-ecc744681630 [2023-12-13T10:15:29.247229] Downloaded sap_java_buildpack_1_79 (STDOUT, STG)#

#2.0#2023 12 13 10:15:38.605#Z#DEBUG#com.sap.cloud.lm.sl.xs2.4dafd4bd-99a0-11ee-bb9f-eeee0a9f9d65.simmflocext-approuter.stageAppTask#
######org.cloudfoundry.multiapps.controller.persistence.services.ProcessLogger########flowable-async-job-executor-thread-12439###
[PollStageAppStatusExecution] [simmflocext-approuter] bc08858a-f76a-4bdd-8ef4-ecc744681630 [2023-12-13T10:15:29.274427] Downloaded php_buildpack (STDOUT, STG)#

#2.0#2023 12 13 10:15:38.605#Z#DEBUG#com.sap.cloud.lm.sl.xs2.4dafd4bd-99a0-11ee-bb9f-eeee0a9f9d65.simmflocext-approuter.stageAppTask#
######org.cloudfoundry.multiapps.controller.persistence.services.ProcessLogger########flowable-async-job-executor-thread-12439###
[PollStageAppStatusExecution] [simmflocext-approuter] bc08858a-f76a-4bdd-8ef4-ecc744681630 [2023-12-13T10:15:29.274499] Cell cd431d46-a328-430d-ac78-98292f930c90 creating container for instance 601bd34e-0658-424e-a0b1-5be334b930b5 (STDOUT, STG)#

#2.0#2023 12 13 10:15:38.605#Z#DEBUG#com.sap.cloud.lm.sl.xs2.4dafd4bd-99a0-11ee-bb9f-eeee0a9f9d65.simmflocext-approuter.stageAppTask#
######org.cloudfoundry.multiapps.controller.persistence.services.ProcessLogger########flowable-async-job-executor-thread-12439###
[PollStageAppStatusExecution] [simmflocext-approuter] bc08858a-f76a-4bdd-8ef4-ecc744681630 [2023-12-13T10:15:29.782790] Security group rules were updated (STDOUT, STG)#

#2.0#2023 12 13 10:15:38.605#Z#DEBUG#com.sap.cloud.lm.sl.xs2.4dafd4bd-99a0-11ee-bb9f-eeee0a9f9d65.simmflocext-approuter.stageAppTask#
######org.cloudfoundry.multiapps.controller.persistence.services.ProcessLogger########flowable-async-job-executor-thread-12439###
[PollStageAppStatusExecution] [simmflocext-approuter] bc08858a-f76a-4bdd-8ef4-ecc744681630 [2023-12-13T10:15:29.803230] Cell cd431d46-a328-430d-ac78-98292f930c90 successfully created container for instance 601bd34e-0658-424e-a0b1-5be334b930b5 (STDOUT, STG)#

#2.0#2023 12 13 10:15:38.605#Z#DEBUG#com.sap.cloud.lm.sl.xs2.4dafd4bd-99a0-11ee-bb9f-eeee0a9f9d65.simmflocext-approuter.stageAppTask#
######org.cloudfoundry.multiapps.controller.persistence.services.ProcessLogger########flowable-async-job-executor-thread-12439###
[PollStageAppStatusExecution] [simmflocext-approuter] bc08858a-f76a-4bdd-8ef4-ecc744681630 [2023-12-13T10:15:30.206472] Downloading app package... (STDOUT, STG)#

#2.0#2023 12 13 10:15:38.605#Z#DEBUG#com.sap.cloud.lm.sl.xs2.4dafd4bd-99a0-11ee-bb9f-eeee0a9f9d65.simmflocext-approuter.stageAppTask#
######org.cloudfoundry.multiapps.controller.persistence.services.ProcessLogger########flowable-async-job-executor-thread-12439###
[PollStageAppStatusExecution] [simmflocext-approuter] bc08858a-f76a-4bdd-8ef4-ecc744681630 [2023-12-13T10:15:31.205073] Downloaded app package (8.4M) (STDOUT, STG)#

#2.0#2023 12 13 10:15:38.605#Z#DEBUG#com.sap.cloud.lm.sl.xs2.4dafd4bd-99a0-11ee-bb9f-eeee0a9f9d65.simmflocext-approuter.stageAppTask#
######org.cloudfoundry.multiapps.controller.persistence.services.ProcessLogger########flowable-async-job-executor-thread-12439###
[PollStageAppStatusExecution] [simmflocext-approuter] bc08858a-f76a-4bdd-8ef4-ecc744681630 [2023-12-13T10:15:31.942614] -----> Nodejs Buildpack version 1.8.19 (STDOUT, STG)#

#2.0#2023 12 13 10:15:38.605#Z#DEBUG#com.sap.cloud.lm.sl.xs2.4dafd4bd-99a0-11ee-bb9f-eeee0a9f9d65.simmflocext-approuter.stageAppTask#
######org.cloudfoundry.multiapps.controller.persistence.services.ProcessLogger########flowable-async-job-executor-thread-12439###
[PollStageAppStatusExecution] [simmflocext-approuter] bc08858a-f76a-4bdd-8ef4-ecc744681630 [2023-12-13T10:15:32.292421] -----> Bootstrapping python (STDOUT, STG)#

#2.0#2023 12 13 10:15:38.605#Z#DEBUG#com.sap.cloud.lm.sl.xs2.4dafd4bd-99a0-11ee-bb9f-eeee0a9f9d65.simmflocext-approuter.stageAppTask#
######org.cloudfoundry.multiapps.controller.persistence.services.ProcessLogger########flowable-async-job-executor-thread-12439###
[PollStageAppStatusExecution] [simmflocext-approuter] bc08858a-f76a-4bdd-8ef4-ecc744681630 [2023-12-13T10:15:32.292439] -----> Installing python 3.11.6 (STDOUT, STG)#

#2.0#2023 12 13 10:15:38.605#Z#DEBUG#com.sap.cloud.lm.sl.xs2.4dafd4bd-99a0-11ee-bb9f-eeee0a9f9d65.simmflocext-approuter.stageAppTask#
######org.cloudfoundry.multiapps.controller.persistence.services.ProcessLogger########flowable-async-job-executor-thread-12439###
[PollStageAppStatusExecution] [simmflocext-approuter] bc08858a-f76a-4bdd-8ef4-ecc744681630 [2023-12-13T10:15:32.292535] Copy [/tmp/buildpacks/4c90f85c1c908bd93f2921dc4768310d/dependencies/17ecec428c63fc9d4f8200b6005d8e61/python_3.11.6_linux_x64_cflinuxfs4_9aa19c6d.tgz] (STDOUT, STG)#

#2.0#2023 12 13 10:15:38.605#Z#DEBUG#com.sap.cloud.lm.sl.xs2.4dafd4bd-99a0-11ee-bb9f-eeee0a9f9d65.simmflocext-approuter.stageAppTask#
######org.cloudfoundry.multiapps.controller.persistence.services.ProcessLogger########flowable-async-job-executor-thread-12439###
[PollStageAppStatusExecution] [simmflocext-approuter] bc08858a-f76a-4bdd-8ef4-ecc744681630 [2023-12-13T10:15:35.349206] -----> Installing binaries (STDOUT, STG)#

#2.0#2023 12 13 10:15:38.605#Z#DEBUG#com.sap.cloud.lm.sl.xs2.4dafd4bd-99a0-11ee-bb9f-eeee0a9f9d65.simmflocext-approuter.stageAppTask#
######org.cloudfoundry.multiapps.controller.persistence.services.ProcessLogger########flowable-async-job-executor-thread-12439###
[PollStageAppStatusExecution] [simmflocext-approuter] bc08858a-f76a-4bdd-8ef4-ecc744681630 [2023-12-13T10:15:35.349272] engines.node (package.json): unspecified (STDOUT, STG)#

#2.0#2023 12 13 10:15:38.605#Z#DEBUG#com.sap.cloud.lm.sl.xs2.4dafd4bd-99a0-11ee-bb9f-eeee0a9f9d65.simmflocext-approuter.stageAppTask#
######org.cloudfoundry.multiapps.controller.persistence.services.ProcessLogger########flowable-async-job-executor-thread-12439###
[PollStageAppStatusExecution] [simmflocext-approuter] bc08858a-f76a-4bdd-8ef4-ecc744681630 [2023-12-13T10:15:35.349281] engines.npm (package.json): unspecified (use default) (STDOUT, STG)#

#2.0#2023 12 13 10:15:38.605#Z#DEBUG#com.sap.cloud.lm.sl.xs2.4dafd4bd-99a0-11ee-bb9f-eeee0a9f9d65.simmflocext-approuter.stageAppTask#
######org.cloudfoundry.multiapps.controller.persistence.services.ProcessLogger########flowable-async-job-executor-thread-12439###
[PollStageAppStatusExecution] [simmflocext-approuter] bc08858a-f76a-4bdd-8ef4-ecc744681630 [2023-12-13T10:15:35.349297] [31;1m**WARNING**[0m Node version not specified in package.json or .nvmrc. See: http://docs.cloudfoundry.org/buildpacks/node/node-tips.html (STDOUT, STG)#

#2.0#2023 12 13 10:15:38.605#Z#DEBUG#com.sap.cloud.lm.sl.xs2.4dafd4bd-99a0-11ee-bb9f-eeee0a9f9d65.simmflocext-approuter.stageAppTask#
######org.cloudfoundry.multiapps.controller.persistence.services.ProcessLogger########flowable-async-job-executor-thread-12439###
[PollStageAppStatusExecution] [simmflocext-approuter] bc08858a-f76a-4bdd-8ef4-ecc744681630 [2023-12-13T10:15:35.349403] -----> Installing node 18.18.2 (STDOUT, STG)#

#2.0#2023 12 13 10:15:38.605#Z#DEBUG#com.sap.cloud.lm.sl.xs2.4dafd4bd-99a0-11ee-bb9f-eeee0a9f9d65.simmflocext-approuter.stageAppTask#
######org.cloudfoundry.multiapps.controller.persistence.services.ProcessLogger########flowable-async-job-executor-thread-12439###
[PollStageAppStatusExecution] [simmflocext-approuter] bc08858a-f76a-4bdd-8ef4-ecc744681630 [2023-12-13T10:15:35.349600] Copy [/tmp/buildpacks/4c90f85c1c908bd93f2921dc4768310d/dependencies/cd6332b04d52b0d3e9d2e860de892ca6/node_18.18.2_linux_x64_cflinuxfs4_30564fcb.tgz] (STDOUT, STG)#

#2.0#2023 12 13 10:15:38.605#Z#DEBUG#com.sap.cloud.lm.sl.xs2.4dafd4bd-99a0-11ee-bb9f-eeee0a9f9d65.simmflocext-approuter.stageAppTask#
######org.cloudfoundry.multiapps.controller.persistence.services.ProcessLogger########flowable-async-job-executor-thread-12439###
[PollStageAppStatusExecution] [simmflocext-approuter] bc08858a-f76a-4bdd-8ef4-ecc744681630 [2023-12-13T10:15:37.165896] Using default npm version: 9.8.1 (STDOUT, STG)#

#2.0#2023 12 13 10:15:38.605#Z#DEBUG#com.sap.cloud.lm.sl.xs2.4dafd4bd-99a0-11ee-bb9f-eeee0a9f9d65.simmflocext-approuter.stageAppTask#
######org.cloudfoundry.multiapps.controller.persistence.services.ProcessLogger########flowable-async-job-executor-thread-12439###
[PollStageAppStatusExecution] [simmflocext-approuter] bc08858a-f76a-4bdd-8ef4-ecc744681630 [2023-12-13T10:15:37.165911] -----> Installing yarn 1.22.19 (STDOUT, STG)#

#2.0#2023 12 13 10:15:38.605#Z#DEBUG#com.sap.cloud.lm.sl.xs2.4dafd4bd-99a0-11ee-bb9f-eeee0a9f9d65.simmflocext-approuter.stageAppTask#
######org.cloudfoundry.multiapps.controller.persistence.services.ProcessLogger########flowable-async-job-executor-thread-12439###
[PollStageAppStatusExecution] [simmflocext-approuter] bc08858a-f76a-4bdd-8ef4-ecc744681630 [2023-12-13T10:15:37.165996] Copy [/tmp/buildpacks/4c90f85c1c908bd93f2921dc4768310d/dependencies/0f06052381cbcef1593bd279ca3d9458/yarn_1.22.19_linux_noarch_any-stack_32d0e82e.tgz] (STDOUT, STG)#

#2.0#2023 12 13 10:15:38.605#Z#DEBUG#com.sap.cloud.lm.sl.xs2.4dafd4bd-99a0-11ee-bb9f-eeee0a9f9d65.simmflocext-approuter.stageAppTask#
######org.cloudfoundry.multiapps.controller.persistence.services.ProcessLogger########flowable-async-job-executor-thread-12439###
[PollStageAppStatusExecution] [simmflocext-approuter] bc08858a-f76a-4bdd-8ef4-ecc744681630 [2023-12-13T10:15:37.440169] Installed yarn 1.22.19 (STDOUT, STG)#

#2.0#2023 12 13 10:15:38.605#Z#DEBUG#com.sap.cloud.lm.sl.xs2.4dafd4bd-99a0-11ee-bb9f-eeee0a9f9d65.simmflocext-approuter.stageAppTask#
######org.cloudfoundry.multiapps.controller.persistence.services.ProcessLogger########flowable-async-job-executor-thread-12439###
[PollStageAppStatusExecution] [simmflocext-approuter] bc08858a-f76a-4bdd-8ef4-ecc744681630 [2023-12-13T10:15:37.440187] -----> Creating runtime environment (STDOUT, STG)#

#2.0#2023 12 13 10:15:38.605#Z#DEBUG#com.sap.cloud.lm.sl.xs2.4dafd4bd-99a0-11ee-bb9f-eeee0a9f9d65.simmflocext-approuter.stageAppTask#
######org.cloudfoundry.multiapps.controller.persistence.services.ProcessLogger########flowable-async-job-executor-thread-12439###
[PollStageAppStatusExecution] [simmflocext-approuter] bc08858a-f76a-4bdd-8ef4-ecc744681630 [2023-12-13T10:15:37.441814] NODE_ENV=production (STDOUT, STG)#

#2.0#2023 12 13 10:15:38.605#Z#DEBUG#com.sap.cloud.lm.sl.xs2.4dafd4bd-99a0-11ee-bb9f-eeee0a9f9d65.simmflocext-approuter.stageAppTask#
######org.cloudfoundry.multiapps.controller.persistence.services.ProcessLogger########flowable-async-job-executor-thread-12439###
[PollStageAppStatusExecution] [simmflocext-approuter] bc08858a-f76a-4bdd-8ef4-ecc744681630 [2023-12-13T10:15:37.441826] NODE_HOME=/tmp/contents3770314616/deps/0/node (STDOUT, STG)#

#2.0#2023 12 13 10:15:38.605#Z#DEBUG#com.sap.cloud.lm.sl.xs2.4dafd4bd-99a0-11ee-bb9f-eeee0a9f9d65.simmflocext-approuter.stageAppTask#
######org.cloudfoundry.multiapps.controller.persistence.services.ProcessLogger########flowable-async-job-executor-thread-12439###
[PollStageAppStatusExecution] [simmflocext-approuter] bc08858a-f76a-4bdd-8ef4-ecc744681630 [2023-12-13T10:15:37.441828] NODE_MODULES_CACHE=true (STDOUT, STG)#

#2.0#2023 12 13 10:15:38.605#Z#DEBUG#com.sap.cloud.lm.sl.xs2.4dafd4bd-99a0-11ee-bb9f-eeee0a9f9d65.simmflocext-approuter.stageAppTask#
######org.cloudfoundry.multiapps.controller.persistence.services.ProcessLogger########flowable-async-job-executor-thread-12439###
[PollStageAppStatusExecution] [simmflocext-approuter] bc08858a-f76a-4bdd-8ef4-ecc744681630 [2023-12-13T10:15:37.441829] NODE_VERBOSE=false (STDOUT, STG)#

#2.0#2023 12 13 10:15:38.605#Z#DEBUG#com.sap.cloud.lm.sl.xs2.4dafd4bd-99a0-11ee-bb9f-eeee0a9f9d65.simmflocext-approuter.stageAppTask#
######org.cloudfoundry.multiapps.controller.persistence.services.ProcessLogger########flowable-async-job-executor-thread-12439###
[PollStageAppStatusExecution] [simmflocext-approuter] bc08858a-f76a-4bdd-8ef4-ecc744681630 [2023-12-13T10:15:37.441831] NPM_CONFIG_LOGLEVEL=error (STDOUT, STG)#

#2.0#2023 12 13 10:15:38.605#Z#DEBUG#com.sap.cloud.lm.sl.xs2.4dafd4bd-99a0-11ee-bb9f-eeee0a9f9d65.simmflocext-approuter.stageAppTask#
######org.cloudfoundry.multiapps.controller.persistence.services.ProcessLogger########flowable-async-job-executor-thread-12439###
[PollStageAppStatusExecution] [simmflocext-approuter] bc08858a-f76a-4bdd-8ef4-ecc744681630 [2023-12-13T10:15:37.441832] NPM_CONFIG_PRODUCTION=true (STDOUT, STG)#

#2.0#2023 12 13 10:15:38.605#Z#DEBUG#com.sap.cloud.lm.sl.xs2.4dafd4bd-99a0-11ee-bb9f-eeee0a9f9d65.simmflocext-approuter.stageAppTask#
######org.cloudfoundry.multiapps.controller.persistence.services.ProcessLogger########flowable-async-job-executor-thread-12439###
[PollStageAppStatusExecution] [simmflocext-approuter] bc08858a-f76a-4bdd-8ef4-ecc744681630 [2023-12-13T10:15:37.441862] -----> Building dependencies (STDOUT, STG)#

#2.0#2023 12 13 10:15:38.605#Z#DEBUG#com.sap.cloud.lm.sl.xs2.4dafd4bd-99a0-11ee-bb9f-eeee0a9f9d65.simmflocext-approuter.stageAppTask#
######org.cloudfoundry.multiapps.controller.persistence.services.ProcessLogger########flowable-async-job-executor-thread-12439###
[PollStageAppStatusExecution] [simmflocext-approuter] bc08858a-f76a-4bdd-8ef4-ecc744681630 [2023-12-13T10:15:37.441871] Prebuild detected (node_modules already exists) (STDOUT, STG)#

#2.0#2023 12 13 10:15:38.605#Z#DEBUG#com.sap.cloud.lm.sl.xs2.4dafd4bd-99a0-11ee-bb9f-eeee0a9f9d65.simmflocext-approuter.stageAppTask#
######org.cloudfoundry.multiapps.controller.persistence.services.ProcessLogger########flowable-async-job-executor-thread-12439###
[PollStageAppStatusExecution] [simmflocext-approuter] bc08858a-f76a-4bdd-8ef4-ecc744681630 [2023-12-13T10:15:37.441928] Rebuilding any native modules (STDOUT, STG)#

#2.0#2023 12 13 10:15:48.677#Z#DEBUG#com.sap.cloud.lm.sl.xs2.4dafd4bd-99a0-11ee-bb9f-eeee0a9f9d65.simmflocext-approuter.stageAppTask#
######org.cloudfoundry.multiapps.controller.persistence.services.ProcessLogger########flowable-async-job-executor-thread-7532###
[PollStageAppStatusExecution] [simmflocext-approuter] bc08858a-f76a-4bdd-8ef4-ecc744681630 [2023-12-13T10:15:38.090780] rebuilt dependencies successfully (STDOUT, STG)#

#2.0#2023 12 13 10:15:48.678#Z#DEBUG#com.sap.cloud.lm.sl.xs2.4dafd4bd-99a0-11ee-bb9f-eeee0a9f9d65.simmflocext-approuter.stageAppTask#
######org.cloudfoundry.multiapps.controller.persistence.services.ProcessLogger########flowable-async-job-executor-thread-7532###
[PollStageAppStatusExecution] [simmflocext-approuter] bc08858a-f76a-4bdd-8ef4-ecc744681630 [2023-12-13T10:15:38.103229] Installing any new modules (package.json + package-lock.json) (STDOUT, STG)#

#2.0#2023 12 13 10:15:48.678#Z#DEBUG#com.sap.cloud.lm.sl.xs2.4dafd4bd-99a0-11ee-bb9f-eeee0a9f9d65.simmflocext-approuter.stageAppTask#
######org.cloudfoundry.multiapps.controller.persistence.services.ProcessLogger########flowable-async-job-executor-thread-7532###
[PollStageAppStatusExecution] [simmflocext-approuter] bc08858a-f76a-4bdd-8ef4-ecc744681630 [2023-12-13T10:15:38.885873] up to date in 570ms (STDOUT, STG)#

#2.0#2023 12 13 10:15:48.678#Z#DEBUG#com.sap.cloud.lm.sl.xs2.4dafd4bd-99a0-11ee-bb9f-eeee0a9f9d65.simmflocext-approuter.stageAppTask#
######org.cloudfoundry.multiapps.controller.persistence.services.ProcessLogger########flowable-async-job-executor-thread-7532###
[PollStageAppStatusExecution] [simmflocext-approuter] bc08858a-f76a-4bdd-8ef4-ecc744681630 [2023-12-13T10:15:38.885898] 1 package is looking for funding (STDOUT, STG)#

#2.0#2023 12 13 10:15:48.678#Z#DEBUG#com.sap.cloud.lm.sl.xs2.4dafd4bd-99a0-11ee-bb9f-eeee0a9f9d65.simmflocext-approuter.stageAppTask#
######org.cloudfoundry.multiapps.controller.persistence.services.ProcessLogger########flowable-async-job-executor-thread-7532###
[PollStageAppStatusExecution] [simmflocext-approuter] bc08858a-f76a-4bdd-8ef4-ecc744681630 [2023-12-13T10:15:38.885900] run `npm fund` for details (STDOUT, STG)#

#2.0#2023 12 13 10:15:48.678#Z#DEBUG#com.sap.cloud.lm.sl.xs2.4dafd4bd-99a0-11ee-bb9f-eeee0a9f9d65.simmflocext-approuter.stageAppTask#
######org.cloudfoundry.multiapps.controller.persistence.services.ProcessLogger########flowable-async-job-executor-thread-7532###
[PollStageAppStatusExecution] [simmflocext-approuter] bc08858a-f76a-4bdd-8ef4-ecc744681630 [2023-12-13T10:15:39.778295] Contrast Security no credentials found. Will not write environment files. (STDOUT, STG)#

#2.0#2023 12 13 10:15:48.678#Z#DEBUG#com.sap.cloud.lm.sl.xs2.4dafd4bd-99a0-11ee-bb9f-eeee0a9f9d65.simmflocext-approuter.stageAppTask#
######org.cloudfoundry.multiapps.controller.persistence.services.ProcessLogger########flowable-async-job-executor-thread-7532###
[PollStageAppStatusExecution] [simmflocext-approuter] bc08858a-f76a-4bdd-8ef4-ecc744681630 [2023-12-13T10:15:39.778461] inside Sealights hook (STDOUT, STG)#

#2.0#2023 12 13 10:15:48.678#Z#DEBUG#com.sap.cloud.lm.sl.xs2.4dafd4bd-99a0-11ee-bb9f-eeee0a9f9d65.simmflocext-approuter.stageAppTask#
######org.cloudfoundry.multiapps.controller.persistence.services.ProcessLogger########flowable-async-job-executor-thread-7532###
[PollStageAppStatusExecution] [simmflocext-approuter] bc08858a-f76a-4bdd-8ef4-ecc744681630 [2023-12-13T10:15:39.778630] service is not configured to run with Sealights (STDOUT, STG)#

#2.0#2023 12 13 10:15:48.678#Z#DEBUG#com.sap.cloud.lm.sl.xs2.4dafd4bd-99a0-11ee-bb9f-eeee0a9f9d65.simmflocext-approuter.stageAppTask#
######org.cloudfoundry.multiapps.controller.persistence.services.ProcessLogger########flowable-async-job-executor-thread-7532###
[PollStageAppStatusExecution] [simmflocext-approuter] bc08858a-f76a-4bdd-8ef4-ecc744681630 [2023-12-13T10:15:47.487766] Exit status 0 (STDOUT, STG)#

#2.0#2023 12 13 10:15:48.678#Z#DEBUG#com.sap.cloud.lm.sl.xs2.4dafd4bd-99a0-11ee-bb9f-eeee0a9f9d65.simmflocext-approuter.stageAppTask#
######org.cloudfoundry.multiapps.controller.persistence.services.ProcessLogger########flowable-async-job-executor-thread-7532###
[PollStageAppStatusExecution] [simmflocext-approuter] bc08858a-f76a-4bdd-8ef4-ecc744681630 [2023-12-13T10:15:47.487816] Uploading droplet, build artifacts cache... (STDOUT, STG)#

#2.0#2023 12 13 10:15:48.678#Z#DEBUG#com.sap.cloud.lm.sl.xs2.4dafd4bd-99a0-11ee-bb9f-eeee0a9f9d65.simmflocext-approuter.stageAppTask#
######org.cloudfoundry.multiapps.controller.persistence.services.ProcessLogger########flowable-async-job-executor-thread-7532###
[PollStageAppStatusExecution] [simmflocext-approuter] bc08858a-f76a-4bdd-8ef4-ecc744681630 [2023-12-13T10:15:47.487845] Uploading droplet... (STDOUT, STG)#

#2.0#2023 12 13 10:15:48.678#Z#DEBUG#com.sap.cloud.lm.sl.xs2.4dafd4bd-99a0-11ee-bb9f-eeee0a9f9d65.simmflocext-approuter.stageAppTask#
######org.cloudfoundry.multiapps.controller.persistence.services.ProcessLogger########flowable-async-job-executor-thread-7532###
[PollStageAppStatusExecution] [simmflocext-approuter] bc08858a-f76a-4bdd-8ef4-ecc744681630 [2023-12-13T10:15:47.487910] Uploading build artifacts cache... (STDOUT, STG)#

#2.0#2023 12 13 10:15:48.678#Z#DEBUG#com.sap.cloud.lm.sl.xs2.4dafd4bd-99a0-11ee-bb9f-eeee0a9f9d65.simmflocext-approuter.stageAppTask#
######org.cloudfoundry.multiapps.controller.persistence.services.ProcessLogger########flowable-async-job-executor-thread-7532###
[PollStageAppStatusExecution] [simmflocext-approuter] bc08858a-f76a-4bdd-8ef4-ecc744681630 [2023-12-13T10:15:47.503983] Uploaded build artifacts cache (221B) (STDOUT, STG)#

#2.0#2023 12 13 10:15:48.678#Z#DEBUG#com.sap.cloud.lm.sl.xs2.4dafd4bd-99a0-11ee-bb9f-eeee0a9f9d65.simmflocext-approuter.stageAppTask#
######org.cloudfoundry.multiapps.controller.persistence.services.ProcessLogger########flowable-async-job-executor-thread-7532###
[PollStageAppStatusExecution] [simmflocext-approuter] bc08858a-f76a-4bdd-8ef4-ecc744681630 [2023-12-13T10:15:47.988407] Creating droplet for app with guid bc08858a-f76a-4bdd-8ef4-ecc744681630 (STDOUT, API)#

#2.0#2023 12 13 10:15:58.750#Z#DEBUG#com.sap.cloud.lm.sl.xs2.4dafd4bd-99a0-11ee-bb9f-eeee0a9f9d65.simmflocext-approuter.stageAppTask#
######org.cloudfoundry.multiapps.controller.persistence.services.ProcessLogger########flowable-async-job-executor-thread-7538###
[PollStageAppStatusExecution] [simmflocext-approuter] bc08858a-f76a-4bdd-8ef4-ecc744681630 [2023-12-13T10:15:52.088936] Uploaded droplet (50.8M) (STDOUT, STG)#

#2.0#2023 12 13 10:15:58.750#Z#DEBUG#com.sap.cloud.lm.sl.xs2.4dafd4bd-99a0-11ee-bb9f-eeee0a9f9d65.simmflocext-approuter.stageAppTask#
######org.cloudfoundry.multiapps.controller.persistence.services.ProcessLogger########flowable-async-job-executor-thread-7538###
[PollStageAppStatusExecution] [simmflocext-approuter] bc08858a-f76a-4bdd-8ef4-ecc744681630 [2023-12-13T10:15:52.103365] Uploading complete (STDOUT, STG)#

#2.0#2023 12 13 10:15:58.750#Z#DEBUG#com.sap.cloud.lm.sl.xs2.4dafd4bd-99a0-11ee-bb9f-eeee0a9f9d65.simmflocext-approuter.stageAppTask#
######org.cloudfoundry.multiapps.controller.persistence.services.ProcessLogger########flowable-async-job-executor-thread-7538###
[PollStageAppStatusExecution] [simmflocext-approuter] bc08858a-f76a-4bdd-8ef4-ecc744681630 [2023-12-13T10:15:52.391575] Cell cd431d46-a328-430d-ac78-98292f930c90 stopping instance 601bd34e-0658-424e-a0b1-5be334b930b5 (STDOUT, STG)#

#2.0#2023 12 13 10:15:58.750#Z#DEBUG#com.sap.cloud.lm.sl.xs2.4dafd4bd-99a0-11ee-bb9f-eeee0a9f9d65.simmflocext-approuter.stageAppTask#
######org.cloudfoundry.multiapps.controller.persistence.services.ProcessLogger########flowable-async-job-executor-thread-7538###
[PollStageAppStatusExecution] [simmflocext-approuter] bc08858a-f76a-4bdd-8ef4-ecc744681630 [2023-12-13T10:15:52.391603] Cell cd431d46-a328-430d-ac78-98292f930c90 destroying container for instance 601bd34e-0658-424e-a0b1-5be334b930b5 (STDOUT, STG)#

#2.0#2023 12 13 10:15:58.750#Z#DEBUG#com.sap.cloud.lm.sl.xs2.4dafd4bd-99a0-11ee-bb9f-eeee0a9f9d65.simmflocext-approuter.stageAppTask#
######org.cloudfoundry.multiapps.controller.persistence.services.ProcessLogger########flowable-async-job-executor-thread-7538###
[PollStageAppStatusExecution] [simmflocext-approuter] bc08858a-f76a-4bdd-8ef4-ecc744681630 [2023-12-13T10:15:56.484473] Cell cd431d46-a328-430d-ac78-98292f930c90 successfully destroyed container for instance 601bd34e-0658-424e-a0b1-5be334b930b5 (STDOUT, STG)#

#2.0#2023 12 13 10:16:08.793#Z#DEBUG#com.sap.cloud.lm.sl.xs2.4dafd4bd-99a0-11ee-bb9f-eeee0a9f9d65.simmflocext-approuter.startAppTask#
######org.cloudfoundry.multiapps.controller.persistence.services.ProcessLogger########flowable-async-job-executor-thread-9696###
[PollStartAppStatusExecution] [simmflocext-approuter] bc08858a-f76a-4bdd-8ef4-ecc744681630 [2023-12-13T10:15:58.825322] Updated app with guid bc08858a-f76a-4bdd-8ef4-ecc744681630 ({:droplet_guid=>"1b27f87d-50a2-40c9-84fd-c6702a3696bb"}) (STDOUT, API)#

#2.0#2023 12 13 10:16:08.793#Z#DEBUG#com.sap.cloud.lm.sl.xs2.4dafd4bd-99a0-11ee-bb9f-eeee0a9f9d65.simmflocext-approuter.startAppTask#
######org.cloudfoundry.multiapps.controller.persistence.services.ProcessLogger########flowable-async-job-executor-thread-9696###
[PollStartAppStatusExecution] [simmflocext-approuter] bc08858a-f76a-4bdd-8ef4-ecc744681630 [2023-12-13T10:15:59.125957] Creating revision for app with guid bc08858a-f76a-4bdd-8ef4-ecc744681630 (STDOUT, API)#

#2.0#2023 12 13 10:16:08.793#Z#DEBUG#com.sap.cloud.lm.sl.xs2.4dafd4bd-99a0-11ee-bb9f-eeee0a9f9d65.simmflocext-approuter.startAppTask#
######org.cloudfoundry.multiapps.controller.persistence.services.ProcessLogger########flowable-async-job-executor-thread-9696###
[PollStartAppStatusExecution] [simmflocext-approuter] bc08858a-f76a-4bdd-8ef4-ecc744681630 [2023-12-13T10:15:59.176072] Starting app with guid bc08858a-f76a-4bdd-8ef4-ecc744681630 (STDOUT, API)#

#2.0#2023 12 13 10:16:08.793#Z#DEBUG#com.sap.cloud.lm.sl.xs2.4dafd4bd-99a0-11ee-bb9f-eeee0a9f9d65.simmflocext-approuter.startAppTask#
######org.cloudfoundry.multiapps.controller.persistence.services.ProcessLogger########flowable-async-job-executor-thread-9696###
[PollStartAppStatusExecution] [simmflocext-approuter] bc08858a-f76a-4bdd-8ef4-ecc744681630 [2023-12-13T10:15:59.357645] Cell 3459d0ba-f629-4902-b34a-9bdd8f838dd0 creating container for instance 61e8ed7e-9248-4996-79a8-014b (STDOUT, CELL)#

#2.0#2023 12 13 10:16:08.793#Z#DEBUG#com.sap.cloud.lm.sl.xs2.4dafd4bd-99a0-11ee-bb9f-eeee0a9f9d65.simmflocext-approuter.startAppTask#
######org.cloudfoundry.multiapps.controller.persistence.services.ProcessLogger########flowable-async-job-executor-thread-9696###
[PollStartAppStatusExecution] [simmflocext-approuter] bc08858a-f76a-4bdd-8ef4-ecc744681630 [2023-12-13T10:16:00.067796] Security group rules were updated (STDOUT, CELL)#

#2.0#2023 12 13 10:16:08.793#Z#DEBUG#com.sap.cloud.lm.sl.xs2.4dafd4bd-99a0-11ee-bb9f-eeee0a9f9d65.simmflocext-approuter.startAppTask#
######org.cloudfoundry.multiapps.controller.persistence.services.ProcessLogger########flowable-async-job-executor-thread-9696###
[PollStartAppStatusExecution] [simmflocext-approuter] bc08858a-f76a-4bdd-8ef4-ecc744681630 [2023-12-13T10:16:00.097239] Cell 3459d0ba-f629-4902-b34a-9bdd8f838dd0 successfully created container for instance 61e8ed7e-9248-4996-79a8-014b (STDOUT, CELL)#

#2.0#2023 12 13 10:16:08.793#Z#DEBUG#com.sap.cloud.lm.sl.xs2.4dafd4bd-99a0-11ee-bb9f-eeee0a9f9d65.simmflocext-approuter.startAppTask#
######org.cloudfoundry.multiapps.controller.persistence.services.ProcessLogger########flowable-async-job-executor-thread-9696###
[PollStartAppStatusExecution] [simmflocext-approuter] bc08858a-f76a-4bdd-8ef4-ecc744681630 [2023-12-13T10:16:00.291469] Downloading droplet... (STDOUT, CELL)#

#2.0#2023 12 13 10:16:08.793#Z#DEBUG#com.sap.cloud.lm.sl.xs2.4dafd4bd-99a0-11ee-bb9f-eeee0a9f9d65.simmflocext-approuter.startAppTask#
######org.cloudfoundry.multiapps.controller.persistence.services.ProcessLogger########flowable-async-job-executor-thread-9696###
[PollStartAppStatusExecution] [simmflocext-approuter] bc08858a-f76a-4bdd-8ef4-ecc744681630 [2023-12-13T10:16:03.496206] Downloaded droplet (50.8M) (STDOUT, CELL)#

#2.0#2023 12 13 10:16:08.793#Z#DEBUG#com.sap.cloud.lm.sl.xs2.4dafd4bd-99a0-11ee-bb9f-eeee0a9f9d65.simmflocext-approuter.startAppTask#
######org.cloudfoundry.multiapps.controller.persistence.services.ProcessLogger########flowable-async-job-executor-thread-9696###
[PollStartAppStatusExecution] [simmflocext-approuter] bc08858a-f76a-4bdd-8ef4-ecc744681630 [2023-12-13T10:16:03.496387] Starting health monitoring of container (STDOUT, CELL)#

#2.0#2023 12 13 10:16:08.793#Z#DEBUG#com.sap.cloud.lm.sl.xs2.4dafd4bd-99a0-11ee-bb9f-eeee0a9f9d65.simmflocext-approuter.startAppTask#
######org.cloudfoundry.multiapps.controller.persistence.services.ProcessLogger########flowable-async-job-executor-thread-9696###
[PollStartAppStatusExecution] [simmflocext-approuter] bc08858a-f76a-4bdd-8ef4-ecc744681630 [2023-12-13T10:16:03.641981] Invoking pre-start scripts. (STDOUT, APP/PROC/WEB)#

#2.0#2023 12 13 10:16:08.793#Z#DEBUG#com.sap.cloud.lm.sl.xs2.4dafd4bd-99a0-11ee-bb9f-eeee0a9f9d65.simmflocext-approuter.startAppTask#
######org.cloudfoundry.multiapps.controller.persistence.services.ProcessLogger########flowable-async-job-executor-thread-9696###
[PollStartAppStatusExecution] [simmflocext-approuter] bc08858a-f76a-4bdd-8ef4-ecc744681630 [2023-12-13T10:16:05.244539] Invoking start command. (STDOUT, APP/PROC/WEB)#

#2.0#2023 12 13 10:16:08.793#Z#DEBUG#com.sap.cloud.lm.sl.xs2.4dafd4bd-99a0-11ee-bb9f-eeee0a9f9d65.simmflocext-approuter.startAppTask#
######org.cloudfoundry.multiapps.controller.persistence.services.ProcessLogger########flowable-async-job-executor-thread-9696###
[PollStartAppStatusExecution] [simmflocext-approuter] bc08858a-f76a-4bdd-8ef4-ecc744681630 [2023-12-13T10:16:07.736564] > start (STDOUT, APP/PROC/WEB)#

#2.0#2023 12 13 10:16:08.793#Z#DEBUG#com.sap.cloud.lm.sl.xs2.4dafd4bd-99a0-11ee-bb9f-eeee0a9f9d65.simmflocext-approuter.startAppTask#
######org.cloudfoundry.multiapps.controller.persistence.services.ProcessLogger########flowable-async-job-executor-thread-9696###
[PollStartAppStatusExecution] [simmflocext-approuter] bc08858a-f76a-4bdd-8ef4-ecc744681630 [2023-12-13T10:16:07.736589] > node node_modules/@sap/approuter/approuter.js (STDOUT, APP/PROC/WEB)#

#2.0#2023 12 13 10:16:18.814#Z#DEBUG#com.sap.cloud.lm.sl.xs2.4dafd4bd-99a0-11ee-bb9f-eeee0a9f9d65.simmflocext-approuter.startAppTask#
######org.cloudfoundry.multiapps.controller.persistence.services.ProcessLogger########flowable-async-job-executor-thread-7610###
[PollStartAppStatusExecution] [simmflocext-approuter] bc08858a-f76a-4bdd-8ef4-ecc744681630 [2023-12-13T10:16:10.536815] {"written_at":"2023-12-13T10:16:10.535Z","written_ts":1702462570535000000,"csn_component":"-","correlation_id":"-","type":"log","logger":"nodejs-logger","layer":"/LoggingLibrary","level":"warning","container_id":"10.0.137.1","component_type":"application","component_id":"bc08858a-f76a-4bdd-8ef4-ecc744681630","component_name":"simmflocext-approuter","component_instance":-1,"source_instance":-1,"organization_id":"1f434b67-5378-4841-8fc5-6cc47f1daae4","organization_name":"anas-qas","space_id":"ce2b4f8b-12d4-4782-9127-241432766d1f","space_name":"iam","context_id":"","msg":"Dynamic log level switching not available"} (STDOUT, APP/PROC/WEB)#

#2.0#2023 12 13 10:16:18.814#Z#DEBUG#com.sap.cloud.lm.sl.xs2.4dafd4bd-99a0-11ee-bb9f-eeee0a9f9d65.simmflocext-approuter.startAppTask#
######org.cloudfoundry.multiapps.controller.persistence.services.ProcessLogger########flowable-async-job-executor-thread-7610###
[PollStartAppStatusExecution] [simmflocext-approuter] bc08858a-f76a-4bdd-8ef4-ecc744681630 [2023-12-13T10:16:11.947481] {"written_at":"2023-12-13T10:16:11.947Z","written_ts":1702462571947000000,"csn_component":"-","correlation_id":"lq3m9bqj","type":"log","logger":"nodejs-logger","layer":"/approuter","level":"info","container_id":"10.0.137.1","component_type":"application","component_id":"bc08858a-f76a-4bdd-8ef4-ecc744681630","component_name":"simmflocext-approuter","component_instance":-1,"source_instance":-1,"organization_id":"1f434b67-5378-4841-8fc5-6cc47f1daae4","organization_name":"anas-qas","space_id":"ce2b4f8b-12d4-4782-9127-241432766d1f","space_name":"iam","context_id":"lq3m9bqj","msg":"Application router version 8.6.1"} (STDOUT, APP/PROC/WEB)#

#2.0#2023 12 13 10:16:18.814#Z#DEBUG#com.sap.cloud.lm.sl.xs2.4dafd4bd-99a0-11ee-bb9f-eeee0a9f9d65.simmflocext-approuter.startAppTask#
######org.cloudfoundry.multiapps.controller.persistence.services.ProcessLogger########flowable-async-job-executor-thread-7610###
[PollStartAppStatusExecution] [simmflocext-approuter] bc08858a-f76a-4bdd-8ef4-ecc744681630 [2023-12-13T10:16:11.948351] {"written_at":"2023-12-13T10:16:11.948Z","written_ts":1702462571948000000,"csn_component":"-","correlation_id":"lq3m9bqk","type":"log","logger":"nodejs-logger","layer":"/Configuration","level":"info","container_id":"10.0.137.1","component_type":"application","component_id":"bc08858a-f76a-4bdd-8ef4-ecc744681630","component_name":"simmflocext-approuter","component_instance":-1,"source_instance":-1,"organization_id":"1f434b67-5378-4841-8fc5-6cc47f1daae4","organization_name":"anas-qas","space_id":"ce2b4f8b-12d4-4782-9127-241432766d1f","space_name":"iam","context_id":"lq3m9bqk","msg":"Using empty destinations to run"} (STDOUT, APP/PROC/WEB)#

#2.0#2023 12 13 10:16:18.814#Z#DEBUG#com.sap.cloud.lm.sl.xs2.4dafd4bd-99a0-11ee-bb9f-eeee0a9f9d65.simmflocext-approuter.startAppTask#
######org.cloudfoundry.multiapps.controller.persistence.services.ProcessLogger########flowable-async-job-executor-thread-7610###
[PollStartAppStatusExecution] [simmflocext-approuter] bc08858a-f76a-4bdd-8ef4-ecc744681630 [2023-12-13T10:16:11.948586] {"written_at":"2023-12-13T10:16:11.948Z","written_ts":1702462571948000000,"csn_component":"-","correlation_id":"lq3m9bqk","type":"log","logger":"nodejs-logger","layer":"/Configuration","level":"info","container_id":"10.0.137.1","component_type":"application","component_id":"bc08858a-f76a-4bdd-8ef4-ecc744681630","component_name":"simmflocext-approuter","component_instance":-1,"source_instance":-1,"organization_id":"1f434b67-5378-4841-8fc5-6cc47f1daae4","organization_name":"anas-qas","space_id":"ce2b4f8b-12d4-4782-9127-241432766d1f","space_name":"iam","context_id":"lq3m9bqk","msg":"No COOKIES environment variable"} (STDOUT, APP/PROC/WEB)#

#2.0#2023 12 13 10:16:18.814#Z#DEBUG#com.sap.cloud.lm.sl.xs2.4dafd4bd-99a0-11ee-bb9f-eeee0a9f9d65.simmflocext-approuter.startAppTask#
######org.cloudfoundry.multiapps.controller.persistence.services.ProcessLogger########flowable-async-job-executor-thread-7610###
[PollStartAppStatusExecution] [simmflocext-approuter] bc08858a-f76a-4bdd-8ef4-ecc744681630 [2023-12-13T10:16:11.952454] {"written_at":"2023-12-13T10:16:11.952Z","written_ts":1702462571952000000,"csn_component":"-","correlation_id":"lq3m9bqo","type":"log","logger":"nodejs-logger","layer":"/Configuration","level":"warning","container_id":"10.0.137.1","component_type":"application","component_id":"bc08858a-f76a-4bdd-8ef4-ecc744681630","component_name":"simmflocext-approuter","component_instance":-1,"source_instance":-1,"organization_id":"1f434b67-5378-4841-8fc5-6cc47f1daae4","organization_name":"anas-qas","space_id":"ce2b4f8b-12d4-4782-9127-241432766d1f","space_name":"iam","context_id":"lq3m9bqo","msg":"No authentication will be used when accessing backends. Scopes defined in routes will be ignored."} (STDOUT, APP/PROC/WEB)#

#2.0#2023 12 13 10:16:18.814#Z#DEBUG#com.sap.cloud.lm.sl.xs2.4dafd4bd-99a0-11ee-bb9f-eeee0a9f9d65.simmflocext-approuter.startAppTask#
######org.cloudfoundry.multiapps.controller.persistence.services.ProcessLogger########flowable-async-job-executor-thread-7610###
[PollStartAppStatusExecution] [simmflocext-approuter] bc08858a-f76a-4bdd-8ef4-ecc744681630 [2023-12-13T10:16:12.055210] {"written_at":"2023-12-13T10:16:12.054Z","written_ts":1702462572054000000,"csn_component":"-","correlation_id":"lq3m9bqj","type":"log","logger":"nodejs-logger","layer":"/approuter","level":"info","container_id":"10.0.137.1","component_type":"application","component_id":"bc08858a-f76a-4bdd-8ef4-ecc744681630","component_name":"simmflocext-approuter","component_instance":-1,"source_instance":-1,"organization_id":"1f434b67-5378-4841-8fc5-6cc47f1daae4","organization_name":"anas-qas","space_id":"ce2b4f8b-12d4-4782-9127-241432766d1f","space_name":"iam","context_id":"lq3m9bqj","msg":"Application router is listening on port: 8080"} (STDOUT, APP/PROC/WEB)#

#2.0#2023 12 13 10:16:18.814#Z#DEBUG#com.sap.cloud.lm.sl.xs2.4dafd4bd-99a0-11ee-bb9f-eeee0a9f9d65.simmflocext-approuter.startAppTask#
######org.cloudfoundry.multiapps.controller.persistence.services.ProcessLogger########flowable-async-job-executor-thread-7610###
[PollStartAppStatusExecution] [simmflocext-approuter] bc08858a-f76a-4bdd-8ef4-ecc744681630 [2023-12-13T10:16:13.956987] Container became healthy (STDOUT, CELL)#

